[2025-11-19 21:00:01] Start data download
Tijdstip: 2025-11-19 21:00
[2025-11-19 21:00:02] Succes: data opgeslagen in /home/hogent/linux-2526-Gil-De-Mets/data-workflow/raw/clouds/cloudsdata-20251119-210001.txt
[2025-11-19 21:30:01] Start data download
Tijdstip: 2025-11-19 21:30
[2025-11-19 21:30:03] Succes: data opgeslagen in /home/hogent/linux-2526-Gil-De-Mets/data-workflow/raw/clouds/cloudsdata-20251119-213001.txt
[2025-11-19 22:00:01] Start data download
Tijdstip: 2025-11-19 22:00
[2025-11-19 22:00:02] Succes: data opgeslagen in /home/hogent/linux-2526-Gil-De-Mets/data-workflow/raw/clouds/cloudsdata-20251119-220001.txt
[2025-11-19 22:30:02] Start data download
Tijdstip: 2025-11-19 22:30
[2025-11-19 22:30:02] Succes: data opgeslagen in /home/hogent/linux-2526-Gil-De-Mets/data-workflow/raw/clouds/cloudsdata-20251119-223002.txt
[2025-11-19 23:00:01] Start data download
Tijdstip: 2025-11-19 23:00
[2025-11-19 23:00:02] Succes: data opgeslagen in /home/hogent/linux-2526-Gil-De-Mets/data-workflow/raw/clouds/cloudsdata-20251119-230001.txt
[2025-11-19 23:30:01] Start data download
Tijdstip: 2025-11-19 23:30
[2025-11-19 23:30:02] Succes: data opgeslagen in /home/hogent/linux-2526-Gil-De-Mets/data-workflow/raw/clouds/cloudsdata-20251119-233001.txt
[2025-11-20 00:00:01] Start data download
Tijdstip: 2025-11-20 00:00
[2025-11-20 00:00:03] Succes: data opgeslagen in /home/hogent/linux-2526-Gil-De-Mets/data-workflow/raw/clouds/cloudsdata-20251120-000001.txt
[2025-11-20 00:30:01] Start data download
Tijdstip: 2025-11-20 00:30
[2025-11-20 00:30:02] Succes: data opgeslagen in /home/hogent/linux-2526-Gil-De-Mets/data-workflow/raw/clouds/cloudsdata-20251120-003001.txt
[2025-11-20 01:00:01] Start data download
Tijdstip: 2025-11-20 01:00
[2025-11-20 01:00:02] Succes: data opgeslagen in /home/hogent/linux-2526-Gil-De-Mets/data-workflow/raw/clouds/cloudsdata-20251120-010001.txt
[2025-11-20 01:30:02] Start data download
Tijdstip: 2025-11-20 01:30
[2025-11-20 01:30:02] Succes: data opgeslagen in /home/hogent/linux-2526-Gil-De-Mets/data-workflow/raw/clouds/cloudsdata-20251120-013002.txt
[2025-11-20 02:00:01] Start data download
Tijdstip: 2025-11-20 02:00
[2025-11-20 02:00:03] Succes: data opgeslagen in /home/hogent/linux-2526-Gil-De-Mets/data-workflow/raw/clouds/cloudsdata-20251120-020001.txt
[2025-11-20 02:30:01] Start data download
Tijdstip: 2025-11-20 02:30
[2025-11-20 02:30:02] Succes: data opgeslagen in /home/hogent/linux-2526-Gil-De-Mets/data-workflow/raw/clouds/cloudsdata-20251120-023001.txt
[2025-11-20 03:00:01] Start data download
Tijdstip: 2025-11-20 03:00
[2025-11-20 03:00:02] Succes: data opgeslagen in /home/hogent/linux-2526-Gil-De-Mets/data-workflow/raw/clouds/cloudsdata-20251120-030001.txt
[2025-11-20 03:30:01] Start data download
Tijdstip: 2025-11-20 03:30
[2025-11-20 03:30:02] Succes: data opgeslagen in /home/hogent/linux-2526-Gil-De-Mets/data-workflow/raw/clouds/cloudsdata-20251120-033001.txt
[2025-11-20 04:00:01] Start data download
Tijdstip: 2025-11-20 04:00
[2025-11-20 04:00:02] Succes: data opgeslagen in /home/hogent/linux-2526-Gil-De-Mets/data-workflow/raw/clouds/cloudsdata-20251120-040001.txt
[2025-11-20 04:30:01] Start data download
Tijdstip: 2025-11-20 04:30
[2025-11-20 04:30:02] Succes: data opgeslagen in /home/hogent/linux-2526-Gil-De-Mets/data-workflow/raw/clouds/cloudsdata-20251120-043001.txt
[2025-11-20 05:00:01] Start data download
Tijdstip: 2025-11-20 05:00
[2025-11-20 05:00:03] Succes: data opgeslagen in /home/hogent/linux-2526-Gil-De-Mets/data-workflow/raw/clouds/cloudsdata-20251120-050001.txt
[2025-11-20 05:30:01] Start data download
Tijdstip: 2025-11-20 05:30
[2025-11-20 05:30:03] Succes: data opgeslagen in /home/hogent/linux-2526-Gil-De-Mets/data-workflow/raw/clouds/cloudsdata-20251120-053001.txt
[2025-11-20 06:00:01] Start data download
Tijdstip: 2025-11-20 06:00
[2025-11-20 06:00:02] Succes: data opgeslagen in /home/hogent/linux-2526-Gil-De-Mets/data-workflow/raw/clouds/cloudsdata-20251120-060001.txt
[2025-11-20 08:00:01] Start data download
Tijdstip: 2025-11-20 08:00
[2025-11-20 08:00:03] Succes: data opgeslagen in /home/hogent/linux-2526-Gil-De-Mets/data-workflow/raw/clouds/cloudsdata-20251120-080001.txt
[2025-11-20 08:30:02] Start data download
Tijdstip: 2025-11-20 08:30
[2025-11-20 08:30:07] Succes: data opgeslagen in /home/hogent/linux-2526-Gil-De-Mets/data-workflow/raw/clouds/cloudsdata-20251120-083002.txt
[2025-11-20 09:00:01] Start data download
Tijdstip: 2025-11-20 09:00
[2025-11-20 09:00:08] Succes: data opgeslagen in /home/hogent/linux-2526-Gil-De-Mets/data-workflow/raw/clouds/cloudsdata-20251120-090001.txt
[2025-11-20 09:30:01] Start data download
Tijdstip: 2025-11-20 09:30
[2025-11-20 09:30:09] Succes: data opgeslagen in /home/hogent/linux-2526-Gil-De-Mets/data-workflow/raw/clouds/cloudsdata-20251120-093001.txt
[2025-11-20 10:00:01] Start data download
Tijdstip: 2025-11-20 10:00
[2025-11-20 10:00:09] Succes: data opgeslagen in /home/hogent/linux-2526-Gil-De-Mets/data-workflow/raw/clouds/cloudsdata-20251120-100001.txt
[2025-11-20 10:30:01] Start data download
Tijdstip: 2025-11-20 10:30
[2025-11-20 10:30:05] Succes: data opgeslagen in /home/hogent/linux-2526-Gil-De-Mets/data-workflow/raw/clouds/cloudsdata-20251120-103001.txt
[2025-11-20 11:00:01] Start data download
Tijdstip: 2025-11-20 11:00
[2025-11-20 11:00:04] Succes: data opgeslagen in /home/hogent/linux-2526-Gil-De-Mets/data-workflow/raw/clouds/cloudsdata-20251120-110001.txt
[2025-11-20 13:06:59] Start data download
Tijdstip: 2025-11-20 13:06
[2025-11-20 13:07:01] Succes: data opgeslagen in /home/hogent/linux-2526-Gil-De-Mets/data-workflow/raw/clouds/cloudsdata-20251120-130659.txt
[2025-11-20 13:30:01] Start data download
Tijdstip: 2025-11-20 13:30
[2025-11-20 13:30:02] Succes: data opgeslagen in /home/hogent/linux-2526-Gil-De-Mets/data-workflow/raw/clouds/cloudsdata-20251120-133001.txt
[2025-11-20 14:00:01] Start data download
Tijdstip: 2025-11-20 14:00
[2025-11-20 14:00:02] Succes: data opgeslagen in /home/hogent/linux-2526-Gil-De-Mets/data-workflow/raw/clouds/cloudsdata-20251120-140001.txt
[2025-11-20 14:30:01] Start data download
Tijdstip: 2025-11-20 14:30
[2025-11-20 14:30:01] Succes: data opgeslagen in /home/hogent/linux-2526-Gil-De-Mets/data-workflow/raw/clouds/cloudsdata-20251120-143001.txt
[2025-11-20 15:00:01] Start data download
Tijdstip: 2025-11-20 15:00
[2025-11-20 15:00:02] Succes: data opgeslagen in /home/hogent/linux-2526-Gil-De-Mets/data-workflow/raw/clouds/cloudsdata-20251120-150001.txt
[2025-11-20 15:30:01] Start data download
Tijdstip: 2025-11-20 15:30
[2025-11-20 15:30:02] Succes: data opgeslagen in /home/hogent/linux-2526-Gil-De-Mets/data-workflow/raw/clouds/cloudsdata-20251120-153001.txt
[2025-11-20 16:00:01] Start data download
Tijdstip: 2025-11-20 16:00
[2025-11-20 16:00:02] Succes: data opgeslagen in /home/hogent/linux-2526-Gil-De-Mets/data-workflow/raw/clouds/cloudsdata-20251120-160001.txt
[2025-11-20 16:30:01] Start data download
Tijdstip: 2025-11-20 16:30
[2025-11-20 16:30:02] Succes: data opgeslagen in /home/hogent/linux-2526-Gil-De-Mets/data-workflow/raw/clouds/cloudsdata-20251120-163001.txt
[2025-11-20 17:00:01] Start data download
Tijdstip: 2025-11-20 17:00
[2025-11-20 17:00:03] Succes: data opgeslagen in /home/hogent/linux-2526-Gil-De-Mets/data-workflow/raw/clouds/cloudsdata-20251120-170001.txt
[2025-11-20 17:30:01] Start data download
Tijdstip: 2025-11-20 17:30
[2025-11-20 17:30:02] Succes: data opgeslagen in /home/hogent/linux-2526-Gil-De-Mets/data-workflow/raw/clouds/cloudsdata-20251120-173001.txt
[2025-11-20 18:00:01] Start data download
Tijdstip: 2025-11-20 18:00
[2025-11-20 18:00:02] Succes: data opgeslagen in /home/hogent/linux-2526-Gil-De-Mets/data-workflow/raw/clouds/cloudsdata-20251120-180001.txt
[2025-11-20 18:30:01] Start data download
Tijdstip: 2025-11-20 18:30
[2025-11-20 18:30:02] Succes: data opgeslagen in /home/hogent/linux-2526-Gil-De-Mets/data-workflow/raw/clouds/cloudsdata-20251120-183001.txt
[2025-11-20 19:00:01] Start data download
Tijdstip: 2025-11-20 19:00
[2025-11-20 19:00:02] Succes: data opgeslagen in /home/hogent/linux-2526-Gil-De-Mets/data-workflow/raw/clouds/cloudsdata-20251120-190001.txt
[2025-11-20 19:30:01] Start data download
Tijdstip: 2025-11-20 19:30
[2025-11-20 19:30:02] Succes: data opgeslagen in /home/hogent/linux-2526-Gil-De-Mets/data-workflow/raw/clouds/cloudsdata-20251120-193001.txt
[2025-11-20 20:00:01] Start data download
Tijdstip: 2025-11-20 20:00
[2025-11-20 20:00:02] Succes: data opgeslagen in /home/hogent/linux-2526-Gil-De-Mets/data-workflow/raw/clouds/cloudsdata-20251120-200001.txt
[2025-11-20 20:30:01] Start data download
Tijdstip: 2025-11-20 20:30
[2025-11-20 20:30:02] Succes: data opgeslagen in /home/hogent/linux-2526-Gil-De-Mets/data-workflow/raw/clouds/cloudsdata-20251120-203001.txt
[2025-11-20 21:00:01] Start data download
Tijdstip: 2025-11-20 21:00
[2025-11-20 21:00:03] Succes: data opgeslagen in /home/hogent/linux-2526-Gil-De-Mets/data-workflow/raw/clouds/cloudsdata-20251120-210001.txt
[2025-11-20 21:30:02] Start data download
Tijdstip: 2025-11-20 21:30
[2025-11-20 21:30:02] Succes: data opgeslagen in /home/hogent/linux-2526-Gil-De-Mets/data-workflow/raw/clouds/cloudsdata-20251120-213002.txt
[2025-11-20 22:00:01] Start data download
Tijdstip: 2025-11-20 22:00
[2025-11-20 22:00:03] Succes: data opgeslagen in /home/hogent/linux-2526-Gil-De-Mets/data-workflow/raw/clouds/cloudsdata-20251120-220001.txt
[2025-11-20 22:30:01] Start data download
Tijdstip: 2025-11-20 22:30
[2025-11-20 22:30:02] Succes: data opgeslagen in /home/hogent/linux-2526-Gil-De-Mets/data-workflow/raw/clouds/cloudsdata-20251120-223001.txt
[2025-11-20 23:00:01] Start data download
Tijdstip: 2025-11-20 23:00
[2025-11-20 23:00:01] Succes: data opgeslagen in /home/hogent/linux-2526-Gil-De-Mets/data-workflow/raw/clouds/cloudsdata-20251120-230001.txt
[2025-11-20 23:30:01] Start data download
Tijdstip: 2025-11-20 23:30
[2025-11-20 23:30:01] Succes: data opgeslagen in /home/hogent/linux-2526-Gil-De-Mets/data-workflow/raw/clouds/cloudsdata-20251120-233001.txt
[2025-11-21 00:00:01] Start data download
Tijdstip: 2025-11-21 00:00
[2025-11-21 00:00:03] Succes: data opgeslagen in /home/hogent/linux-2526-Gil-De-Mets/data-workflow/raw/clouds/cloudsdata-20251121-000001.txt
[2025-11-21 00:30:01] Start data download
Tijdstip: 2025-11-21 00:30
[2025-11-21 00:30:03] Succes: data opgeslagen in /home/hogent/linux-2526-Gil-De-Mets/data-workflow/raw/clouds/cloudsdata-20251121-003001.txt
[2025-11-21 01:00:01] Start data download
Tijdstip: 2025-11-21 01:00
[2025-11-21 01:00:02] Succes: data opgeslagen in /home/hogent/linux-2526-Gil-De-Mets/data-workflow/raw/clouds/cloudsdata-20251121-010001.txt
[2025-11-21 01:30:01] Start data download
Tijdstip: 2025-11-21 01:30
[2025-11-21 01:30:03] Succes: data opgeslagen in /home/hogent/linux-2526-Gil-De-Mets/data-workflow/raw/clouds/cloudsdata-20251121-013001.txt
[2025-11-21 02:00:01] Start data download
Tijdstip: 2025-11-21 02:00
[2025-11-21 02:00:03] Succes: data opgeslagen in /home/hogent/linux-2526-Gil-De-Mets/data-workflow/raw/clouds/cloudsdata-20251121-020001.txt
[2025-11-21 02:30:01] Start data download
Tijdstip: 2025-11-21 02:30
[2025-11-21 02:30:02] Succes: data opgeslagen in /home/hogent/linux-2526-Gil-De-Mets/data-workflow/raw/clouds/cloudsdata-20251121-023001.txt
[2025-11-21 03:00:01] Start data download
Tijdstip: 2025-11-21 03:00
[2025-11-21 03:00:03] Succes: data opgeslagen in /home/hogent/linux-2526-Gil-De-Mets/data-workflow/raw/clouds/cloudsdata-20251121-030001.txt
[2025-11-21 03:30:01] Start data download
Tijdstip: 2025-11-21 03:30
[2025-11-21 03:30:02] Succes: data opgeslagen in /home/hogent/linux-2526-Gil-De-Mets/data-workflow/raw/clouds/cloudsdata-20251121-033001.txt
[2025-11-21 04:00:01] Start data download
Tijdstip: 2025-11-21 04:00
[2025-11-21 04:00:02] Succes: data opgeslagen in /home/hogent/linux-2526-Gil-De-Mets/data-workflow/raw/clouds/cloudsdata-20251121-040001.txt
[2025-11-21 04:30:01] Start data download
Tijdstip: 2025-11-21 04:30
[2025-11-21 04:30:02] Succes: data opgeslagen in /home/hogent/linux-2526-Gil-De-Mets/data-workflow/raw/clouds/cloudsdata-20251121-043001.txt
[2025-11-21 05:00:01] Start data download
Tijdstip: 2025-11-21 05:00
[2025-11-21 05:00:02] Succes: data opgeslagen in /home/hogent/linux-2526-Gil-De-Mets/data-workflow/raw/clouds/cloudsdata-20251121-050001.txt
[2025-11-21 05:30:01] Start data download
Tijdstip: 2025-11-21 05:30
[2025-11-21 05:30:03] Succes: data opgeslagen in /home/hogent/linux-2526-Gil-De-Mets/data-workflow/raw/clouds/cloudsdata-20251121-053001.txt
[2025-11-21 06:00:01] Start data download
Tijdstip: 2025-11-21 06:00
[2025-11-21 06:00:02] Succes: data opgeslagen in /home/hogent/linux-2526-Gil-De-Mets/data-workflow/raw/clouds/cloudsdata-20251121-060001.txt
[2025-11-21 06:30:01] Start data download
Tijdstip: 2025-11-21 06:30
[2025-11-21 06:30:02] Succes: data opgeslagen in /home/hogent/linux-2526-Gil-De-Mets/data-workflow/raw/clouds/cloudsdata-20251121-063001.txt
[2025-11-21 07:00:01] Start data download
Tijdstip: 2025-11-21 07:00
[2025-11-21 07:00:03] Succes: data opgeslagen in /home/hogent/linux-2526-Gil-De-Mets/data-workflow/raw/clouds/cloudsdata-20251121-070001.txt
[2025-11-21 07:30:01] Start data download
Tijdstip: 2025-11-21 07:30
[2025-11-21 07:30:02] Succes: data opgeslagen in /home/hogent/linux-2526-Gil-De-Mets/data-workflow/raw/clouds/cloudsdata-20251121-073001.txt
[2025-11-21 08:00:01] Start data download
Tijdstip: 2025-11-21 08:00
[2025-11-21 08:00:02] Succes: data opgeslagen in /home/hogent/linux-2526-Gil-De-Mets/data-workflow/raw/clouds/cloudsdata-20251121-080001.txt
[2025-11-21 10:00:01] Start data download
Tijdstip: 2025-11-21 10:00
[2025-11-21 10:00:07] Succes: data opgeslagen in /home/hogent/linux-2526-Gil-De-Mets/data-workflow/raw/clouds/cloudsdata-20251121-100001.txt
[2025-11-21 10:30:01] Start data download
Tijdstip: 2025-11-21 10:30
[2025-11-21 10:30:06] Succes: data opgeslagen in /home/hogent/linux-2526-Gil-De-Mets/data-workflow/raw/clouds/cloudsdata-20251121-103001.txt
[2025-11-21 11:00:01] Start data download
Tijdstip: 2025-11-21 11:00
[2025-11-21 11:00:08] Succes: data opgeslagen in /home/hogent/linux-2526-Gil-De-Mets/data-workflow/raw/clouds/cloudsdata-20251121-110001.txt
[2025-11-21 11:30:01] Start data download
Tijdstip: 2025-11-21 11:30
[2025-11-21 11:30:07] Succes: data opgeslagen in /home/hogent/linux-2526-Gil-De-Mets/data-workflow/raw/clouds/cloudsdata-20251121-113001.txt
[2025-11-21 12:00:01] Start data download
Tijdstip: 2025-11-21 12:00
[2025-11-21 12:00:03] Succes: data opgeslagen in /home/hogent/linux-2526-Gil-De-Mets/data-workflow/raw/clouds/cloudsdata-20251121-120001.txt
[2025-11-21 12:30:01] Start data download
Tijdstip: 2025-11-21 12:30
[2025-11-21 12:30:04] Succes: data opgeslagen in /home/hogent/linux-2526-Gil-De-Mets/data-workflow/raw/clouds/cloudsdata-20251121-123001.txt
[2025-11-21 13:00:01] Start data download
Tijdstip: 2025-11-21 13:00
[2025-11-21 13:00:03] Succes: data opgeslagen in /home/hogent/linux-2526-Gil-De-Mets/data-workflow/raw/clouds/cloudsdata-20251121-130001.txt
[2025-11-21 13:11:31] Start data download
Tijdstip: 2025-11-21 13:11
[2025-11-21 13:11:33] Succes: data opgeslagen in /home/hogent/linux-2526-Gil-De-Mets/data-workflow/raw/clouds/cloudsdata-20251121-131131.txt
sudo: a password is required
[2025-11-21 13:30:01] Start data download
Tijdstip: 2025-11-21 13:30
[2025-11-21 13:30:07] Succes: data opgeslagen in /home/hogent/linux-2526-Gil-De-Mets/data-workflow/raw/clouds/cloudsdata-20251121-133001.txt
[2025-11-21 14:00:01] Start data download
Tijdstip: 2025-11-21 14:00
[2025-11-21 14:00:04] Succes: data opgeslagen in /home/hogent/linux-2526-Gil-De-Mets/data-workflow/raw/clouds/cloudsdata-20251121-140001.txt
[2025-11-21 14:30:01] Start data download
Tijdstip: 2025-11-21 14:30
[2025-11-21 14:30:06] Succes: data opgeslagen in /home/hogent/linux-2526-Gil-De-Mets/data-workflow/raw/clouds/cloudsdata-20251121-143001.txt
[2025-11-21 15:00:01] Start data download
Tijdstip: 2025-11-21 15:00
[2025-11-21 15:00:06] Succes: data opgeslagen in /home/hogent/linux-2526-Gil-De-Mets/data-workflow/raw/clouds/cloudsdata-20251121-150001.txt
[2025-11-21 15:30:01] Start data download
Tijdstip: 2025-11-21 15:30
[2025-11-21 15:30:05] Succes: data opgeslagen in /home/hogent/linux-2526-Gil-De-Mets/data-workflow/raw/clouds/cloudsdata-20251121-153001.txt
[2025-11-21 17:00:01] Start data download
Tijdstip: 2025-11-21 17:00
[2025-11-21 17:00:01] Succes: data opgeslagen in /home/hogent/linux-2526-Gil-De-Mets/data-workflow/raw/clouds/cloudsdata-20251121-170001.txt
[2025-11-21 17:35:00] Start data download
Tijdstip: 2025-11-21 17:35
[2025-11-21 17:35:01] Succes: data opgeslagen in /home/hogent/linux-2526-Gil-De-Mets/data-workflow/raw/clouds/cloudsdata-20251121-173500.txt
[2025-11-21 18:00:02] Start data download
Tijdstip: 2025-11-21 18:00
[2025-11-21 18:00:02] Succes: data opgeslagen in /home/hogent/linux-2526-Gil-De-Mets/data-workflow/raw/clouds/cloudsdata-20251121-180002.txt
[2025-11-21 18:30:01] Start data download
Tijdstip: 2025-11-21 18:30
[2025-11-21 18:30:02] Succes: data opgeslagen in /home/hogent/linux-2526-Gil-De-Mets/data-workflow/raw/clouds/cloudsdata-20251121-183001.txt
[2025-11-21 19:00:01] Start data download
Tijdstip: 2025-11-21 19:00
[2025-11-21 19:00:02] Succes: data opgeslagen in /home/hogent/linux-2526-Gil-De-Mets/data-workflow/raw/clouds/cloudsdata-20251121-190001.txt
[2025-11-21 19:30:01] Start data download
Tijdstip: 2025-11-21 19:30
[2025-11-21 19:30:02] Succes: data opgeslagen in /home/hogent/linux-2526-Gil-De-Mets/data-workflow/raw/clouds/cloudsdata-20251121-193001.txt
[2025-11-21 20:00:01] Start data download
Tijdstip: 2025-11-21 20:00
[2025-11-21 20:00:02] Succes: data opgeslagen in /home/hogent/linux-2526-Gil-De-Mets/data-workflow/raw/clouds/cloudsdata-20251121-200001.txt
[2025-11-21 20:30:01] Start data download
Tijdstip: 2025-11-21 20:30
[2025-11-21 20:30:02] Succes: data opgeslagen in /home/hogent/linux-2526-Gil-De-Mets/data-workflow/raw/clouds/cloudsdata-20251121-203001.txt
[2025-11-21 21:00:01] Start data download
Tijdstip: 2025-11-21 21:00
[2025-11-21 21:00:02] Succes: data opgeslagen in /home/hogent/linux-2526-Gil-De-Mets/data-workflow/raw/clouds/cloudsdata-20251121-210001.txt
[2025-11-21 21:30:01] Start data download
Tijdstip: 2025-11-21 21:30
[2025-11-21 21:30:03] Succes: data opgeslagen in /home/hogent/linux-2526-Gil-De-Mets/data-workflow/raw/clouds/cloudsdata-20251121-213001.txt
[2025-11-21 22:00:01] Start data download
Tijdstip: 2025-11-21 22:00
[2025-11-21 22:00:02] Succes: data opgeslagen in /home/hogent/linux-2526-Gil-De-Mets/data-workflow/raw/clouds/cloudsdata-20251121-220001.txt
[2025-11-21 22:30:01] Start data download
Tijdstip: 2025-11-21 22:30
[2025-11-21 22:30:03] Succes: data opgeslagen in /home/hogent/linux-2526-Gil-De-Mets/data-workflow/raw/clouds/cloudsdata-20251121-223001.txt
[2025-11-21 23:00:01] Start data download
Tijdstip: 2025-11-21 23:00
[2025-11-21 23:00:02] Succes: data opgeslagen in /home/hogent/linux-2526-Gil-De-Mets/data-workflow/raw/clouds/cloudsdata-20251121-230001.txt
[2025-11-21 23:30:01] Start data download
Tijdstip: 2025-11-21 23:30
[2025-11-21 23:30:02] Succes: data opgeslagen in /home/hogent/linux-2526-Gil-De-Mets/data-workflow/raw/clouds/cloudsdata-20251121-233001.txt
[2025-11-22 00:00:01] Start data download
Tijdstip: 2025-11-22 00:00
[2025-11-22 00:00:03] Succes: data opgeslagen in /home/hogent/linux-2526-Gil-De-Mets/data-workflow/raw/clouds/cloudsdata-20251122-000001.txt
[2025-11-22 00:30:01] Start data download
Tijdstip: 2025-11-22 00:30
[2025-11-22 00:30:02] Succes: data opgeslagen in /home/hogent/linux-2526-Gil-De-Mets/data-workflow/raw/clouds/cloudsdata-20251122-003001.txt
[2025-11-22 01:00:01] Start data download
Tijdstip: 2025-11-22 01:00
[2025-11-22 01:00:02] Succes: data opgeslagen in /home/hogent/linux-2526-Gil-De-Mets/data-workflow/raw/clouds/cloudsdata-20251122-010001.txt
[2025-11-22 01:30:01] Start data download
Tijdstip: 2025-11-22 01:30
[2025-11-22 01:30:02] Succes: data opgeslagen in /home/hogent/linux-2526-Gil-De-Mets/data-workflow/raw/clouds/cloudsdata-20251122-013001.txt
[2025-11-22 08:30:02] Start data download
Tijdstip: 2025-11-22 08:30
[2025-11-22 08:30:03] Succes: data opgeslagen in /home/hogent/linux-2526-Gil-De-Mets/data-workflow/raw/clouds/cloudsdata-20251122-083002.txt
[2025-11-22 09:00:01] Start data download
Tijdstip: 2025-11-22 09:00
[2025-11-22 09:00:02] Succes: data opgeslagen in /home/hogent/linux-2526-Gil-De-Mets/data-workflow/raw/clouds/cloudsdata-20251122-090001.txt
[2025-11-22 09:30:01] Start data download
Tijdstip: 2025-11-22 09:30
[2025-11-22 09:30:02] Succes: data opgeslagen in /home/hogent/linux-2526-Gil-De-Mets/data-workflow/raw/clouds/cloudsdata-20251122-093001.txt
[2025-11-22 10:00:01] Start data download
Tijdstip: 2025-11-22 10:00
[2025-11-22 10:00:02] Succes: data opgeslagen in /home/hogent/linux-2526-Gil-De-Mets/data-workflow/raw/clouds/cloudsdata-20251122-100001.txt
[2025-11-22 10:30:01] Start data download
Tijdstip: 2025-11-22 10:30
[2025-11-22 10:30:03] Succes: data opgeslagen in /home/hogent/linux-2526-Gil-De-Mets/data-workflow/raw/clouds/cloudsdata-20251122-103001.txt
[2025-11-22 11:00:01] Start data download
Tijdstip: 2025-11-22 11:00
[2025-11-22 11:00:02] Succes: data opgeslagen in /home/hogent/linux-2526-Gil-De-Mets/data-workflow/raw/clouds/cloudsdata-20251122-110001.txt
[2025-11-22 11:30:01] Start data download
Tijdstip: 2025-11-22 11:30
[2025-11-22 11:30:02] Succes: data opgeslagen in /home/hogent/linux-2526-Gil-De-Mets/data-workflow/raw/clouds/cloudsdata-20251122-113001.txt
[2025-11-22 12:00:01] Start data download
Tijdstip: 2025-11-22 12:00
[2025-11-22 12:00:02] Succes: data opgeslagen in /home/hogent/linux-2526-Gil-De-Mets/data-workflow/raw/clouds/cloudsdata-20251122-120001.txt
[2025-11-22 12:30:01] Start data download
Tijdstip: 2025-11-22 12:30
[2025-11-22 12:30:02] Succes: data opgeslagen in /home/hogent/linux-2526-Gil-De-Mets/data-workflow/raw/clouds/cloudsdata-20251122-123001.txt
[2025-11-22 13:00:01] Start data download
Tijdstip: 2025-11-22 13:00
[2025-11-22 13:00:02] Succes: data opgeslagen in /home/hogent/linux-2526-Gil-De-Mets/data-workflow/raw/clouds/cloudsdata-20251122-130001.txt
[2025-11-22 13:30:01] Start data download
Tijdstip: 2025-11-22 13:30
[2025-11-22 13:30:02] Succes: data opgeslagen in /home/hogent/linux-2526-Gil-De-Mets/data-workflow/raw/clouds/cloudsdata-20251122-133001.txt
[2025-11-22 14:00:01] Start data download
Tijdstip: 2025-11-22 14:00
[2025-11-22 14:00:03] Succes: data opgeslagen in /home/hogent/linux-2526-Gil-De-Mets/data-workflow/raw/clouds/cloudsdata-20251122-140001.txt
[2025-11-22 14:30:01] Start data download
Tijdstip: 2025-11-22 14:30
[2025-11-22 14:30:02] Succes: data opgeslagen in /home/hogent/linux-2526-Gil-De-Mets/data-workflow/raw/clouds/cloudsdata-20251122-143001.txt
[2025-11-22 15:00:01] Start data download
Tijdstip: 2025-11-22 15:00
[2025-11-22 15:00:02] Succes: data opgeslagen in /home/hogent/linux-2526-Gil-De-Mets/data-workflow/raw/clouds/cloudsdata-20251122-150001.txt
[2025-11-22 15:30:01] Start data download
Tijdstip: 2025-11-22 15:30
[2025-11-22 15:30:07] Succes: data opgeslagen in /home/hogent/linux-2526-Gil-De-Mets/data-workflow/raw/clouds/cloudsdata-20251122-153001.txt
[2025-11-22 17:00:01] Start data download
Tijdstip: 2025-11-22 17:00
[2025-11-22 17:00:02] Succes: data opgeslagen in /home/hogent/linux-2526-Gil-De-Mets/data-workflow/raw/clouds/cloudsdata-20251122-170001.txt
[2025-11-22 17:30:01] Start data download
Tijdstip: 2025-11-22 17:30
[2025-11-22 17:30:01] Succes: data opgeslagen in /home/hogent/linux-2526-Gil-De-Mets/data-workflow/raw/clouds/cloudsdata-20251122-173001.txt
[2025-11-22 18:00:01] Start data download
Tijdstip: 2025-11-22 18:00
[2025-11-22 18:00:01] Succes: data opgeslagen in /home/hogent/linux-2526-Gil-De-Mets/data-workflow/raw/clouds/cloudsdata-20251122-180001.txt
[2025-11-22 18:30:01] Start data download
Tijdstip: 2025-11-22 18:30
[2025-11-22 18:30:02] Succes: data opgeslagen in /home/hogent/linux-2526-Gil-De-Mets/data-workflow/raw/clouds/cloudsdata-20251122-183001.txt
[2025-11-22 19:00:01] Start data download
Tijdstip: 2025-11-22 19:00
[2025-11-22 19:00:02] Succes: data opgeslagen in /home/hogent/linux-2526-Gil-De-Mets/data-workflow/raw/clouds/cloudsdata-20251122-190001.txt
[2025-11-22 19:30:01] Start data download
Tijdstip: 2025-11-22 19:30
[2025-11-22 19:30:02] Succes: data opgeslagen in /home/hogent/linux-2526-Gil-De-Mets/data-workflow/raw/clouds/cloudsdata-20251122-193001.txt
[2025-11-22 20:00:01] Start data download
Tijdstip: 2025-11-22 20:00
[2025-11-22 20:00:03] Succes: data opgeslagen in /home/hogent/linux-2526-Gil-De-Mets/data-workflow/raw/clouds/cloudsdata-20251122-200001.txt
[2025-11-22 20:30:01] Start data download
Tijdstip: 2025-11-22 20:30
[2025-11-22 20:30:02] Succes: data opgeslagen in /home/hogent/linux-2526-Gil-De-Mets/data-workflow/raw/clouds/cloudsdata-20251122-203001.txt
[2025-11-22 21:00:01] Start data download
Tijdstip: 2025-11-22 21:00
[2025-11-22 21:00:02] Succes: data opgeslagen in /home/hogent/linux-2526-Gil-De-Mets/data-workflow/raw/clouds/cloudsdata-20251122-210001.txt
[2025-11-22 21:30:01] Start data download
Tijdstip: 2025-11-22 21:30
[2025-11-22 21:30:02] Succes: data opgeslagen in /home/hogent/linux-2526-Gil-De-Mets/data-workflow/raw/clouds/cloudsdata-20251122-213001.txt
[2025-11-22 22:00:02] Start data download
Tijdstip: 2025-11-22 22:00
[2025-11-22 22:00:02] Succes: data opgeslagen in /home/hogent/linux-2526-Gil-De-Mets/data-workflow/raw/clouds/cloudsdata-20251122-220002.txt
[2025-11-22 22:30:01] Start data download
Tijdstip: 2025-11-22 22:30
[2025-11-22 22:30:02] Succes: data opgeslagen in /home/hogent/linux-2526-Gil-De-Mets/data-workflow/raw/clouds/cloudsdata-20251122-223001.txt
[2025-11-22 23:00:01] Start data download
Tijdstip: 2025-11-22 23:00
[2025-11-22 23:00:02] Succes: data opgeslagen in /home/hogent/linux-2526-Gil-De-Mets/data-workflow/raw/clouds/cloudsdata-20251122-230001.txt
[2025-11-22 23:30:01] Start data download
Tijdstip: 2025-11-22 23:30
[2025-11-22 23:30:02] Succes: data opgeslagen in /home/hogent/linux-2526-Gil-De-Mets/data-workflow/raw/clouds/cloudsdata-20251122-233001.txt
[2025-11-23 00:00:01] Start data download
Tijdstip: 2025-11-23 00:00
[2025-11-23 00:00:02] Succes: data opgeslagen in /home/hogent/linux-2526-Gil-De-Mets/data-workflow/raw/clouds/cloudsdata-20251123-000001.txt
[2025-11-23 00:30:01] Start data download
Tijdstip: 2025-11-23 00:30
[2025-11-23 00:30:03] Succes: data opgeslagen in /home/hogent/linux-2526-Gil-De-Mets/data-workflow/raw/clouds/cloudsdata-20251123-003001.txt
[2025-11-23 01:00:01] Start data download
Tijdstip: 2025-11-23 01:00
[2025-11-23 01:00:02] Succes: data opgeslagen in /home/hogent/linux-2526-Gil-De-Mets/data-workflow/raw/clouds/cloudsdata-20251123-010001.txt
[2025-11-23 01:30:01] Start data download
Tijdstip: 2025-11-23 01:30
[2025-11-23 01:30:03] Succes: data opgeslagen in /home/hogent/linux-2526-Gil-De-Mets/data-workflow/raw/clouds/cloudsdata-20251123-013001.txt
[2025-11-23 02:00:01] Start data download
Tijdstip: 2025-11-23 02:00
[2025-11-23 02:00:02] Succes: data opgeslagen in /home/hogent/linux-2526-Gil-De-Mets/data-workflow/raw/clouds/cloudsdata-20251123-020001.txt
[2025-11-23 02:30:01] Start data download
Tijdstip: 2025-11-23 02:30
[2025-11-23 02:30:02] Succes: data opgeslagen in /home/hogent/linux-2526-Gil-De-Mets/data-workflow/raw/clouds/cloudsdata-20251123-023001.txt
[2025-11-23 03:00:01] Start data download
Tijdstip: 2025-11-23 03:00
[2025-11-23 03:00:03] Succes: data opgeslagen in /home/hogent/linux-2526-Gil-De-Mets/data-workflow/raw/clouds/cloudsdata-20251123-030001.txt
[2025-11-23 03:30:01] Start data download
Tijdstip: 2025-11-23 03:30
[2025-11-23 03:30:02] Succes: data opgeslagen in /home/hogent/linux-2526-Gil-De-Mets/data-workflow/raw/clouds/cloudsdata-20251123-033001.txt
[2025-11-23 04:00:01] Start data download
Tijdstip: 2025-11-23 04:00
[2025-11-23 04:00:03] Succes: data opgeslagen in /home/hogent/linux-2526-Gil-De-Mets/data-workflow/raw/clouds/cloudsdata-20251123-040001.txt
[2025-11-23 04:30:01] Start data download
Tijdstip: 2025-11-23 04:30
[2025-11-23 04:30:02] Succes: data opgeslagen in /home/hogent/linux-2526-Gil-De-Mets/data-workflow/raw/clouds/cloudsdata-20251123-043001.txt
[2025-11-23 05:00:01] Start data download
Tijdstip: 2025-11-23 05:00
[2025-11-23 05:00:02] Succes: data opgeslagen in /home/hogent/linux-2526-Gil-De-Mets/data-workflow/raw/clouds/cloudsdata-20251123-050001.txt
[2025-11-23 05:30:01] Start data download
Tijdstip: 2025-11-23 05:30
[2025-11-23 05:30:01] Succes: data opgeslagen in /home/hogent/linux-2526-Gil-De-Mets/data-workflow/raw/clouds/cloudsdata-20251123-053001.txt
[2025-11-23 06:00:01] Start data download
Tijdstip: 2025-11-23 06:00
[2025-11-23 06:00:02] Succes: data opgeslagen in /home/hogent/linux-2526-Gil-De-Mets/data-workflow/raw/clouds/cloudsdata-20251123-060001.txt
[2025-11-23 06:30:01] Start data download
Tijdstip: 2025-11-23 06:30
[2025-11-23 06:30:02] Succes: data opgeslagen in /home/hogent/linux-2526-Gil-De-Mets/data-workflow/raw/clouds/cloudsdata-20251123-063001.txt
[2025-11-23 07:00:01] Start data download
Tijdstip: 2025-11-23 07:00
[2025-11-23 07:00:02] Succes: data opgeslagen in /home/hogent/linux-2526-Gil-De-Mets/data-workflow/raw/clouds/cloudsdata-20251123-070001.txt
[2025-11-23 07:30:01] Start data download
Tijdstip: 2025-11-23 07:30
[2025-11-23 07:30:01] Succes: data opgeslagen in /home/hogent/linux-2526-Gil-De-Mets/data-workflow/raw/clouds/cloudsdata-20251123-073001.txt
[2025-11-23 08:00:01] Start data download
Tijdstip: 2025-11-23 08:00
[2025-11-23 08:00:02] Succes: data opgeslagen in /home/hogent/linux-2526-Gil-De-Mets/data-workflow/raw/clouds/cloudsdata-20251123-080001.txt
[2025-11-23 08:30:01] Start data download
Tijdstip: 2025-11-23 08:30
[2025-11-23 08:30:02] Succes: data opgeslagen in /home/hogent/linux-2526-Gil-De-Mets/data-workflow/raw/clouds/cloudsdata-20251123-083001.txt
[2025-11-23 09:00:01] Start data download
Tijdstip: 2025-11-23 09:00
[2025-11-23 09:00:03] Succes: data opgeslagen in /home/hogent/linux-2526-Gil-De-Mets/data-workflow/raw/clouds/cloudsdata-20251123-090001.txt
[2025-11-23 09:30:01] Start data download
Tijdstip: 2025-11-23 09:30
[2025-11-23 09:30:01] Succes: data opgeslagen in /home/hogent/linux-2526-Gil-De-Mets/data-workflow/raw/clouds/cloudsdata-20251123-093001.txt
[2025-11-23 10:00:01] Start data download
Tijdstip: 2025-11-23 10:00
[2025-11-23 10:00:02] Succes: data opgeslagen in /home/hogent/linux-2526-Gil-De-Mets/data-workflow/raw/clouds/cloudsdata-20251123-100001.txt
[2025-11-23 10:30:01] Start data download
Tijdstip: 2025-11-23 10:30
[2025-11-23 10:30:02] Succes: data opgeslagen in /home/hogent/linux-2526-Gil-De-Mets/data-workflow/raw/clouds/cloudsdata-20251123-103001.txt
[2025-11-23 11:00:01] Start data download
Tijdstip: 2025-11-23 11:00
[2025-11-23 11:00:02] Succes: data opgeslagen in /home/hogent/linux-2526-Gil-De-Mets/data-workflow/raw/clouds/cloudsdata-20251123-110001.txt
[2025-11-23 11:30:01] Start data download
Tijdstip: 2025-11-23 11:30
[2025-11-23 11:30:01] Succes: data opgeslagen in /home/hogent/linux-2526-Gil-De-Mets/data-workflow/raw/clouds/cloudsdata-20251123-113001.txt
[2025-11-23 12:00:01] Start data download
Tijdstip: 2025-11-23 12:00
[2025-11-23 12:00:02] Succes: data opgeslagen in /home/hogent/linux-2526-Gil-De-Mets/data-workflow/raw/clouds/cloudsdata-20251123-120001.txt
[2025-11-23 12:30:01] Start data download
Tijdstip: 2025-11-23 12:30
[2025-11-23 12:30:03] Succes: data opgeslagen in /home/hogent/linux-2526-Gil-De-Mets/data-workflow/raw/clouds/cloudsdata-20251123-123001.txt
[2025-11-23 13:00:01] Start data download
Tijdstip: 2025-11-23 13:00
[2025-11-23 13:00:03] Succes: data opgeslagen in /home/hogent/linux-2526-Gil-De-Mets/data-workflow/raw/clouds/cloudsdata-20251123-130001.txt
[2025-11-23 13:30:01] Start data download
Tijdstip: 2025-11-23 13:30
[2025-11-23 13:30:02] Succes: data opgeslagen in /home/hogent/linux-2526-Gil-De-Mets/data-workflow/raw/clouds/cloudsdata-20251123-133001.txt
[2025-11-23 14:00:01] Start data download
Tijdstip: 2025-11-23 14:00
[2025-11-23 14:00:03] Succes: data opgeslagen in /home/hogent/linux-2526-Gil-De-Mets/data-workflow/raw/clouds/cloudsdata-20251123-140001.txt
[2025-11-23 14:30:01] Start data download
Tijdstip: 2025-11-23 14:30
[2025-11-23 14:30:01] Succes: data opgeslagen in /home/hogent/linux-2526-Gil-De-Mets/data-workflow/raw/clouds/cloudsdata-20251123-143001.txt
[2025-11-23 15:00:01] Start data download
Tijdstip: 2025-11-23 15:00
[2025-11-23 15:00:03] Succes: data opgeslagen in /home/hogent/linux-2526-Gil-De-Mets/data-workflow/raw/clouds/cloudsdata-20251123-150001.txt
[2025-11-23 15:30:01] Start data download
Tijdstip: 2025-11-23 15:30
[2025-11-23 15:30:02] Succes: data opgeslagen in /home/hogent/linux-2526-Gil-De-Mets/data-workflow/raw/clouds/cloudsdata-20251123-153001.txt
[2025-11-23 16:00:01] Start data download
Tijdstip: 2025-11-23 16:00
[2025-11-23 16:00:02] Succes: data opgeslagen in /home/hogent/linux-2526-Gil-De-Mets/data-workflow/raw/clouds/cloudsdata-20251123-160001.txt
[2025-11-23 16:30:01] Start data download
Tijdstip: 2025-11-23 16:30
[2025-11-23 16:30:02] Succes: data opgeslagen in /home/hogent/linux-2526-Gil-De-Mets/data-workflow/raw/clouds/cloudsdata-20251123-163001.txt
[2025-11-23 17:00:01] Start data download
Tijdstip: 2025-11-23 17:00
[2025-11-23 17:00:02] Succes: data opgeslagen in /home/hogent/linux-2526-Gil-De-Mets/data-workflow/raw/clouds/cloudsdata-20251123-170001.txt
[2025-11-23 17:30:01] Start data download
Tijdstip: 2025-11-23 17:30
[2025-11-23 17:30:02] Succes: data opgeslagen in /home/hogent/linux-2526-Gil-De-Mets/data-workflow/raw/clouds/cloudsdata-20251123-173001.txt
[2025-11-23 18:00:01] Start data download
Tijdstip: 2025-11-23 18:00
[2025-11-23 18:00:02] Succes: data opgeslagen in /home/hogent/linux-2526-Gil-De-Mets/data-workflow/raw/clouds/cloudsdata-20251123-180001.txt
[2025-11-23 18:30:01] Start data download
Tijdstip: 2025-11-23 18:30
[2025-11-23 18:30:02] Succes: data opgeslagen in /home/hogent/linux-2526-Gil-De-Mets/data-workflow/raw/clouds/cloudsdata-20251123-183001.txt
[2025-11-23 19:00:02] Start data download
Tijdstip: 2025-11-23 19:00
[2025-11-23 19:00:03] Succes: data opgeslagen in /home/hogent/linux-2526-Gil-De-Mets/data-workflow/raw/clouds/cloudsdata-20251123-190002.txt
[2025-11-23 19:30:01] Start data download
Tijdstip: 2025-11-23 19:30
[2025-11-23 19:30:02] Succes: data opgeslagen in /home/hogent/linux-2526-Gil-De-Mets/data-workflow/raw/clouds/cloudsdata-20251123-193001.txt
[2025-11-23 20:00:01] Start data download
Tijdstip: 2025-11-23 20:00
[2025-11-23 20:00:01] Succes: data opgeslagen in /home/hogent/linux-2526-Gil-De-Mets/data-workflow/raw/clouds/cloudsdata-20251123-200001.txt
[2025-11-23 20:30:01] Start data download
Tijdstip: 2025-11-23 20:30
[2025-11-23 20:30:02] Succes: data opgeslagen in /home/hogent/linux-2526-Gil-De-Mets/data-workflow/raw/clouds/cloudsdata-20251123-203001.txt
[2025-11-23 21:00:01] Start data download
Tijdstip: 2025-11-23 21:00
[2025-11-23 21:00:02] Succes: data opgeslagen in /home/hogent/linux-2526-Gil-De-Mets/data-workflow/raw/clouds/cloudsdata-20251123-210001.txt
[2025-11-23 21:30:01] Start data download
Tijdstip: 2025-11-23 21:30
[2025-11-23 21:30:02] Succes: data opgeslagen in /home/hogent/linux-2526-Gil-De-Mets/data-workflow/raw/clouds/cloudsdata-20251123-213001.txt
[2025-11-23 22:00:01] Start data download
Tijdstip: 2025-11-23 22:00
[2025-11-23 22:00:03] Succes: data opgeslagen in /home/hogent/linux-2526-Gil-De-Mets/data-workflow/raw/clouds/cloudsdata-20251123-220001.txt
[2025-11-23 22:30:01] Start data download
Tijdstip: 2025-11-23 22:30
[2025-11-23 22:30:02] Succes: data opgeslagen in /home/hogent/linux-2526-Gil-De-Mets/data-workflow/raw/clouds/cloudsdata-20251123-223001.txt
[2025-11-23 23:00:01] Start data download
Tijdstip: 2025-11-23 23:00
[2025-11-23 23:00:02] Succes: data opgeslagen in /home/hogent/linux-2526-Gil-De-Mets/data-workflow/raw/clouds/cloudsdata-20251123-230001.txt
[2025-11-23 23:30:01] Start data download
Tijdstip: 2025-11-23 23:30
[2025-11-23 23:30:02] Succes: data opgeslagen in /home/hogent/linux-2526-Gil-De-Mets/data-workflow/raw/clouds/cloudsdata-20251123-233001.txt
[2025-11-24 00:00:01] Start data download
Tijdstip: 2025-11-24 00:00
[2025-11-24 00:00:02] Succes: data opgeslagen in /home/hogent/linux-2526-Gil-De-Mets/data-workflow/raw/clouds/cloudsdata-20251124-000001.txt
[2025-11-24 00:30:01] Start data download
Tijdstip: 2025-11-24 00:30
[2025-11-24 00:30:02] Succes: data opgeslagen in /home/hogent/linux-2526-Gil-De-Mets/data-workflow/raw/clouds/cloudsdata-20251124-003001.txt
[2025-11-24 01:00:01] Start data download
Tijdstip: 2025-11-24 01:00
[2025-11-24 01:00:02] Succes: data opgeslagen in /home/hogent/linux-2526-Gil-De-Mets/data-workflow/raw/clouds/cloudsdata-20251124-010001.txt
[2025-11-24 01:30:01] Start data download
Tijdstip: 2025-11-24 01:30
[2025-11-24 01:30:02] Succes: data opgeslagen in /home/hogent/linux-2526-Gil-De-Mets/data-workflow/raw/clouds/cloudsdata-20251124-013001.txt
[2025-11-24 02:00:01] Start data download
Tijdstip: 2025-11-24 02:00
[2025-11-24 02:00:02] Succes: data opgeslagen in /home/hogent/linux-2526-Gil-De-Mets/data-workflow/raw/clouds/cloudsdata-20251124-020001.txt
[2025-11-24 02:30:01] Start data download
Tijdstip: 2025-11-24 02:30
[2025-11-24 02:30:02] Succes: data opgeslagen in /home/hogent/linux-2526-Gil-De-Mets/data-workflow/raw/clouds/cloudsdata-20251124-023001.txt
[2025-11-24 03:00:02] Start data download
Tijdstip: 2025-11-24 03:00
[2025-11-24 03:00:02] Succes: data opgeslagen in /home/hogent/linux-2526-Gil-De-Mets/data-workflow/raw/clouds/cloudsdata-20251124-030002.txt
[2025-11-24 03:30:01] Start data download
Tijdstip: 2025-11-24 03:30
[2025-11-24 03:30:03] Succes: data opgeslagen in /home/hogent/linux-2526-Gil-De-Mets/data-workflow/raw/clouds/cloudsdata-20251124-033001.txt
[2025-11-24 04:00:01] Start data download
Tijdstip: 2025-11-24 04:00
[2025-11-24 04:00:02] Succes: data opgeslagen in /home/hogent/linux-2526-Gil-De-Mets/data-workflow/raw/clouds/cloudsdata-20251124-040001.txt
[2025-11-24 04:30:01] Start data download
Tijdstip: 2025-11-24 04:30
[2025-11-24 04:30:02] Succes: data opgeslagen in /home/hogent/linux-2526-Gil-De-Mets/data-workflow/raw/clouds/cloudsdata-20251124-043001.txt
[2025-11-24 05:00:01] Start data download
Tijdstip: 2025-11-24 05:00
[2025-11-24 05:00:02] Succes: data opgeslagen in /home/hogent/linux-2526-Gil-De-Mets/data-workflow/raw/clouds/cloudsdata-20251124-050001.txt
[2025-11-24 05:30:01] Start data download
Tijdstip: 2025-11-24 05:30
[2025-11-24 05:30:02] Succes: data opgeslagen in /home/hogent/linux-2526-Gil-De-Mets/data-workflow/raw/clouds/cloudsdata-20251124-053001.txt
[2025-11-24 07:30:02] Start data download
Tijdstip: 2025-11-24 07:30
[2025-11-24 07:30:02] Succes: data opgeslagen in /home/hogent/linux-2526-Gil-De-Mets/data-workflow/raw/clouds/cloudsdata-20251124-073001.txt
[2025-11-24 08:00:01] Start data download
Tijdstip: 2025-11-24 08:00
[2025-11-24 08:00:05] Succes: data opgeslagen in /home/hogent/linux-2526-Gil-De-Mets/data-workflow/raw/clouds/cloudsdata-20251124-080001.txt
[2025-11-24 08:30:01] Start data download
Tijdstip: 2025-11-24 08:30
[2025-11-24 08:30:02] Succes: data opgeslagen in /home/hogent/linux-2526-Gil-De-Mets/data-workflow/raw/clouds/cloudsdata-20251124-083001.txt
[2025-11-24 09:00:01] Start data download
Tijdstip: 2025-11-24 09:00
[2025-11-24 09:00:05] Succes: data opgeslagen in /home/hogent/linux-2526-Gil-De-Mets/data-workflow/raw/clouds/cloudsdata-20251124-090001.txt
[2025-11-24 09:30:01] Start data download
Tijdstip: 2025-11-24 09:30
[2025-11-24 09:30:02] Succes: data opgeslagen in /home/hogent/linux-2526-Gil-De-Mets/data-workflow/raw/clouds/cloudsdata-20251124-093001.txt
[2025-11-24 10:00:01] Start data download
Tijdstip: 2025-11-24 10:00
[2025-11-24 10:00:03] Succes: data opgeslagen in /home/hogent/linux-2526-Gil-De-Mets/data-workflow/raw/clouds/cloudsdata-20251124-100001.txt
[2025-11-24 10:30:01] Start data download
Tijdstip: 2025-11-24 10:30
[2025-11-24 10:30:02] Succes: data opgeslagen in /home/hogent/linux-2526-Gil-De-Mets/data-workflow/raw/clouds/cloudsdata-20251124-103001.txt
[2025-11-24 11:00:01] Start data download
Tijdstip: 2025-11-24 11:00
[2025-11-24 11:00:01] Succes: data opgeslagen in /home/hogent/linux-2526-Gil-De-Mets/data-workflow/raw/clouds/cloudsdata-20251124-110001.txt
[2025-11-24 11:30:01] Start data download
Tijdstip: 2025-11-24 11:30
[2025-11-24 11:30:02] Succes: data opgeslagen in /home/hogent/linux-2526-Gil-De-Mets/data-workflow/raw/clouds/cloudsdata-20251124-113001.txt
[2025-11-24 12:30:01] Start data download
Tijdstip: 2025-11-24 12:30
[2025-11-24 12:30:02] Succes: data opgeslagen in /home/hogent/linux-2526-Gil-De-Mets/data-workflow/raw/clouds/cloudsdata-20251124-123001.txt
[2025-11-24 13:00:01] Start data download
Tijdstip: 2025-11-24 13:00
[2025-11-24 13:00:02] Succes: data opgeslagen in /home/hogent/linux-2526-Gil-De-Mets/data-workflow/raw/clouds/cloudsdata-20251124-130001.txt
[2025-11-24 13:30:01] Start data download
Tijdstip: 2025-11-24 13:30
[2025-11-24 13:30:02] Succes: data opgeslagen in /home/hogent/linux-2526-Gil-De-Mets/data-workflow/raw/clouds/cloudsdata-20251124-133001.txt
[2025-11-24 14:00:01] Start data download
Tijdstip: 2025-11-24 14:00
[2025-11-24 14:00:03] Succes: data opgeslagen in /home/hogent/linux-2526-Gil-De-Mets/data-workflow/raw/clouds/cloudsdata-20251124-140001.txt
[2025-11-24 14:30:01] Start data download
Tijdstip: 2025-11-24 14:30
[2025-11-24 14:30:02] Succes: data opgeslagen in /home/hogent/linux-2526-Gil-De-Mets/data-workflow/raw/clouds/cloudsdata-20251124-143001.txt
[2025-11-24 15:00:01] Start data download
Tijdstip: 2025-11-24 15:00
[2025-11-24 15:00:03] Succes: data opgeslagen in /home/hogent/linux-2526-Gil-De-Mets/data-workflow/raw/clouds/cloudsdata-20251124-150001.txt
[2025-11-24 15:30:02] Start data download
Tijdstip: 2025-11-24 15:30
[2025-11-24 15:30:03] Succes: data opgeslagen in /home/hogent/linux-2526-Gil-De-Mets/data-workflow/raw/clouds/cloudsdata-20251124-153002.txt
[2025-11-24 16:00:01] Start data download
Tijdstip: 2025-11-24 16:00
[2025-11-24 16:00:02] Succes: data opgeslagen in /home/hogent/linux-2526-Gil-De-Mets/data-workflow/raw/clouds/cloudsdata-20251124-160001.txt
[2025-11-24 16:30:01] Start data download
Tijdstip: 2025-11-24 16:30
[2025-11-24 16:30:02] Succes: data opgeslagen in /home/hogent/linux-2526-Gil-De-Mets/data-workflow/raw/clouds/cloudsdata-20251124-163001.txt
[2025-11-24 17:00:01] Start data download
Tijdstip: 2025-11-24 17:00
[2025-11-24 17:00:03] Succes: data opgeslagen in /home/hogent/linux-2526-Gil-De-Mets/data-workflow/raw/clouds/cloudsdata-20251124-170001.txt
[2025-11-24 17:30:02] Start data download
Tijdstip: 2025-11-24 17:30
[2025-11-24 17:30:02] Succes: data opgeslagen in /home/hogent/linux-2526-Gil-De-Mets/data-workflow/raw/clouds/cloudsdata-20251124-173002.txt
[2025-11-24 18:00:01] Start data download
Tijdstip: 2025-11-24 18:00
[2025-11-24 18:00:03] Succes: data opgeslagen in /home/hogent/linux-2526-Gil-De-Mets/data-workflow/raw/clouds/cloudsdata-20251124-180001.txt
[2025-11-24 18:30:01] Start data download
Tijdstip: 2025-11-24 18:30
[2025-11-24 18:30:02] Succes: data opgeslagen in /home/hogent/linux-2526-Gil-De-Mets/data-workflow/raw/clouds/cloudsdata-20251124-183001.txt
[2025-11-24 19:00:01] Start data download
Tijdstip: 2025-11-24 19:00
[2025-11-24 19:00:02] Succes: data opgeslagen in /home/hogent/linux-2526-Gil-De-Mets/data-workflow/raw/clouds/cloudsdata-20251124-190001.txt
[2025-11-24 19:30:01] Start data download
Tijdstip: 2025-11-24 19:30
[2025-11-24 19:30:02] Succes: data opgeslagen in /home/hogent/linux-2526-Gil-De-Mets/data-workflow/raw/clouds/cloudsdata-20251124-193001.txt
[2025-11-24 20:00:01] Start data download
Tijdstip: 2025-11-24 20:00
[2025-11-24 20:00:02] Succes: data opgeslagen in /home/hogent/linux-2526-Gil-De-Mets/data-workflow/raw/clouds/cloudsdata-20251124-200001.txt
[2025-11-24 20:30:01] Start data download
Tijdstip: 2025-11-24 20:30
[2025-11-24 20:30:02] Succes: data opgeslagen in /home/hogent/linux-2526-Gil-De-Mets/data-workflow/raw/clouds/cloudsdata-20251124-203001.txt
[2025-11-24 21:00:01] Start data download
Tijdstip: 2025-11-24 21:00
[2025-11-24 21:00:02] Succes: data opgeslagen in /home/hogent/linux-2526-Gil-De-Mets/data-workflow/raw/clouds/cloudsdata-20251124-210001.txt
[2025-11-24 21:30:01] Start data download
Tijdstip: 2025-11-24 21:30
[2025-11-24 21:30:03] Succes: data opgeslagen in /home/hogent/linux-2526-Gil-De-Mets/data-workflow/raw/clouds/cloudsdata-20251124-213001.txt
[2025-11-24 22:00:01] Start data download
Tijdstip: 2025-11-24 22:00
[2025-11-24 22:00:02] Succes: data opgeslagen in /home/hogent/linux-2526-Gil-De-Mets/data-workflow/raw/clouds/cloudsdata-20251124-220001.txt
[2025-11-24 22:30:01] Start data download
Tijdstip: 2025-11-24 22:30
[2025-11-24 22:30:02] Succes: data opgeslagen in /home/hogent/linux-2526-Gil-De-Mets/data-workflow/raw/clouds/cloudsdata-20251124-223001.txt
[2025-11-24 23:00:01] Start data download
Tijdstip: 2025-11-24 23:00
[2025-11-24 23:00:03] Succes: data opgeslagen in /home/hogent/linux-2526-Gil-De-Mets/data-workflow/raw/clouds/cloudsdata-20251124-230001.txt
[2025-11-24 23:30:01] Start data download
Tijdstip: 2025-11-24 23:30
[2025-11-24 23:30:03] Succes: data opgeslagen in /home/hogent/linux-2526-Gil-De-Mets/data-workflow/raw/clouds/cloudsdata-20251124-233001.txt
[2025-11-25 00:00:01] Start data download
Tijdstip: 2025-11-25 00:00
[2025-11-25 00:00:02] Succes: data opgeslagen in /home/hogent/linux-2526-Gil-De-Mets/data-workflow/raw/clouds/cloudsdata-20251125-000001.txt
[2025-11-25 00:30:01] Start data download
Tijdstip: 2025-11-25 00:30
[2025-11-25 00:30:03] Succes: data opgeslagen in /home/hogent/linux-2526-Gil-De-Mets/data-workflow/raw/clouds/cloudsdata-20251125-003001.txt
[2025-11-25 01:00:01] Start data download
Tijdstip: 2025-11-25 01:00
[2025-11-25 01:00:02] Succes: data opgeslagen in /home/hogent/linux-2526-Gil-De-Mets/data-workflow/raw/clouds/cloudsdata-20251125-010001.txt
[2025-11-25 01:30:01] Start data download
Tijdstip: 2025-11-25 01:30
[2025-11-25 01:30:02] Succes: data opgeslagen in /home/hogent/linux-2526-Gil-De-Mets/data-workflow/raw/clouds/cloudsdata-20251125-013001.txt
[2025-11-25 02:00:01] Start data download
Tijdstip: 2025-11-25 02:00
[2025-11-25 02:00:02] Succes: data opgeslagen in /home/hogent/linux-2526-Gil-De-Mets/data-workflow/raw/clouds/cloudsdata-20251125-020001.txt
[2025-11-25 02:30:01] Start data download
Tijdstip: 2025-11-25 02:30
[2025-11-25 02:30:02] Succes: data opgeslagen in /home/hogent/linux-2526-Gil-De-Mets/data-workflow/raw/clouds/cloudsdata-20251125-023001.txt
[2025-11-25 03:00:02] Start data download
Tijdstip: 2025-11-25 03:00
[2025-11-25 03:00:04] Succes: data opgeslagen in /home/hogent/linux-2526-Gil-De-Mets/data-workflow/raw/clouds/cloudsdata-20251125-030002.txt
[2025-11-25 03:30:01] Start data download
Tijdstip: 2025-11-25 03:30
[2025-11-25 03:30:03] Succes: data opgeslagen in /home/hogent/linux-2526-Gil-De-Mets/data-workflow/raw/clouds/cloudsdata-20251125-033001.txt
[2025-11-25 04:00:01] Start data download
Tijdstip: 2025-11-25 04:00
[2025-11-25 04:00:03] Succes: data opgeslagen in /home/hogent/linux-2526-Gil-De-Mets/data-workflow/raw/clouds/cloudsdata-20251125-040001.txt
[2025-11-25 04:30:01] Start data download
Tijdstip: 2025-11-25 04:30
[2025-11-25 04:30:03] Succes: data opgeslagen in /home/hogent/linux-2526-Gil-De-Mets/data-workflow/raw/clouds/cloudsdata-20251125-043001.txt
[2025-11-25 05:00:01] Start data download
Tijdstip: 2025-11-25 05:00
[2025-11-25 05:00:02] Succes: data opgeslagen in /home/hogent/linux-2526-Gil-De-Mets/data-workflow/raw/clouds/cloudsdata-20251125-050001.txt
[2025-11-25 05:30:01] Start data download
Tijdstip: 2025-11-25 05:30
[2025-11-25 05:30:02] Succes: data opgeslagen in /home/hogent/linux-2526-Gil-De-Mets/data-workflow/raw/clouds/cloudsdata-20251125-053001.txt
[2025-11-25 07:30:01] Start data download
Tijdstip: 2025-11-25 07:30
[2025-11-25 07:30:07] Succes: data opgeslagen in /home/hogent/linux-2526-Gil-De-Mets/data-workflow/raw/clouds/cloudsdata-20251125-073001.txt
[2025-11-25 08:00:01] Start data download
Tijdstip: 2025-11-25 08:00
[2025-11-25 08:00:09] Succes: data opgeslagen in /home/hogent/linux-2526-Gil-De-Mets/data-workflow/raw/clouds/cloudsdata-20251125-080001.txt
[2025-11-25 08:30:01] Start data download
Tijdstip: 2025-11-25 08:30
[2025-11-25 08:30:05] Succes: data opgeslagen in /home/hogent/linux-2526-Gil-De-Mets/data-workflow/raw/clouds/cloudsdata-20251125-083001.txt
[2025-11-25 09:00:01] Start data download
Tijdstip: 2025-11-25 09:00
[2025-11-25 09:00:03] Succes: data opgeslagen in /home/hogent/linux-2526-Gil-De-Mets/data-workflow/raw/clouds/cloudsdata-20251125-090001.txt
[2025-11-25 12:30:01] Start data download
Tijdstip: 2025-11-25 12:30
[2025-11-25 12:30:04] Succes: data opgeslagen in /home/hogent/linux-2526-Gil-De-Mets/data-workflow/raw/clouds/cloudsdata-20251125-123001.txt
[2025-11-25 13:00:01] Start data download
Tijdstip: 2025-11-25 13:00
curl: (6) Could not resolve host: tgftp.nws.noaa.gov
/home/hogent/linux-2526-Gil-De-Mets/data-workflow/scripts/fetch/cloudsdatacollection.sh: line 32: : No such file or directory
[2025-11-25 13:30:01] Start data download
Tijdstip: 2025-11-25 13:30
curl: (6) Could not resolve host: tgftp.nws.noaa.gov
/home/hogent/linux-2526-Gil-De-Mets/data-workflow/scripts/fetch/cloudsdatacollection.sh: line 32: : No such file or directory
[2025-11-25 14:00:01] Start data download
Tijdstip: 2025-11-25 14:00
curl: (6) Could not resolve host: tgftp.nws.noaa.gov
/home/hogent/linux-2526-Gil-De-Mets/data-workflow/scripts/fetch/cloudsdatacollection.sh: line 32: : No such file or directory
[2025-11-25 14:30:01] Start data download
Tijdstip: 2025-11-25 14:30
curl: (6) Could not resolve host: tgftp.nws.noaa.gov
/home/hogent/linux-2526-Gil-De-Mets/data-workflow/scripts/fetch/cloudsdatacollection.sh: line 32: : No such file or directory
[2025-11-25 15:00:01] Start data download
Tijdstip: 2025-11-25 15:00
curl: (6) Could not resolve host: tgftp.nws.noaa.gov
/home/hogent/linux-2526-Gil-De-Mets/data-workflow/scripts/fetch/cloudsdatacollection.sh: line 32: : No such file or directory
[2025-11-25 15:30:01] Start data download
Tijdstip: 2025-11-25 15:30
curl: (6) Could not resolve host: tgftp.nws.noaa.gov
/home/hogent/linux-2526-Gil-De-Mets/data-workflow/scripts/fetch/cloudsdatacollection.sh: line 32: : No such file or directory
[2025-11-25 18:00:02] Start data download
Tijdstip: 2025-11-25 18:00
[2025-11-25 18:00:02] Succes: data opgeslagen in /home/hogent/linux-2526-Gil-De-Mets/data-workflow/raw/clouds/cloudsdata-20251125-180002.txt
[2025-11-25 18:30:01] Start data download
Tijdstip: 2025-11-25 18:30
[2025-11-25 18:30:02] Succes: data opgeslagen in /home/hogent/linux-2526-Gil-De-Mets/data-workflow/raw/clouds/cloudsdata-20251125-183001.txt
[2025-11-25 19:00:01] Start data download
Tijdstip: 2025-11-25 19:00
[2025-11-25 19:00:03] Succes: data opgeslagen in /home/hogent/linux-2526-Gil-De-Mets/data-workflow/raw/clouds/cloudsdata-20251125-190001.txt
[2025-11-25 19:30:01] Start data download
Tijdstip: 2025-11-25 19:30
[2025-11-25 19:30:03] Succes: data opgeslagen in /home/hogent/linux-2526-Gil-De-Mets/data-workflow/raw/clouds/cloudsdata-20251125-193001.txt
[2025-11-25 20:00:01] Start data download
Tijdstip: 2025-11-25 20:00
[2025-11-25 20:00:02] Succes: data opgeslagen in /home/hogent/linux-2526-Gil-De-Mets/data-workflow/raw/clouds/cloudsdata-20251125-200001.txt
[2025-11-25 20:30:02] Start data download
Tijdstip: 2025-11-25 20:30
[2025-11-25 20:30:02] Succes: data opgeslagen in /home/hogent/linux-2526-Gil-De-Mets/data-workflow/raw/clouds/cloudsdata-20251125-203002.txt
[2025-11-25 21:00:01] Start data download
Tijdstip: 2025-11-25 21:00
[2025-11-25 21:00:02] Succes: data opgeslagen in /home/hogent/linux-2526-Gil-De-Mets/data-workflow/raw/clouds/cloudsdata-20251125-210001.txt
[2025-11-25 21:30:01] Start data download
Tijdstip: 2025-11-25 21:30
[2025-11-25 21:30:02] Succes: data opgeslagen in /home/hogent/linux-2526-Gil-De-Mets/data-workflow/raw/clouds/cloudsdata-20251125-213001.txt
[2025-11-25 22:00:01] Start data download
Tijdstip: 2025-11-25 22:00
[2025-11-25 22:00:02] Succes: data opgeslagen in /home/hogent/linux-2526-Gil-De-Mets/data-workflow/raw/clouds/cloudsdata-20251125-220001.txt
[2025-11-25 22:30:01] Start data download
Tijdstip: 2025-11-25 22:30
[2025-11-25 22:30:02] Succes: data opgeslagen in /home/hogent/linux-2526-Gil-De-Mets/data-workflow/raw/clouds/cloudsdata-20251125-223001.txt
[2025-11-25 23:00:01] Start data download
Tijdstip: 2025-11-25 23:00
[2025-11-25 23:00:02] Succes: data opgeslagen in /home/hogent/linux-2526-Gil-De-Mets/data-workflow/raw/clouds/cloudsdata-20251125-230001.txt
[2025-11-25 23:30:01] Start data download
Tijdstip: 2025-11-25 23:30
[2025-11-25 23:30:02] Succes: data opgeslagen in /home/hogent/linux-2526-Gil-De-Mets/data-workflow/raw/clouds/cloudsdata-20251125-233001.txt
[2025-11-26 00:00:01] Start data download
Tijdstip: 2025-11-26 00:00
[2025-11-26 00:00:01] Succes: data opgeslagen in /home/hogent/linux-2526-Gil-De-Mets/data-workflow/raw/clouds/cloudsdata-20251126-000001.txt
[2025-11-26 00:30:01] Start data download
Tijdstip: 2025-11-26 00:30
[2025-11-26 00:30:03] Succes: data opgeslagen in /home/hogent/linux-2526-Gil-De-Mets/data-workflow/raw/clouds/cloudsdata-20251126-003001.txt
[2025-11-26 01:00:01] Start data download
Tijdstip: 2025-11-26 01:00
[2025-11-26 01:00:03] Succes: data opgeslagen in /home/hogent/linux-2526-Gil-De-Mets/data-workflow/raw/clouds/cloudsdata-20251126-010001.txt
[2025-11-26 01:30:01] Start data download
Tijdstip: 2025-11-26 01:30
[2025-11-26 01:30:02] Succes: data opgeslagen in /home/hogent/linux-2526-Gil-De-Mets/data-workflow/raw/clouds/cloudsdata-20251126-013001.txt
[2025-11-26 02:00:01] Start data download
Tijdstip: 2025-11-26 02:00
[2025-11-26 02:00:02] Succes: data opgeslagen in /home/hogent/linux-2526-Gil-De-Mets/data-workflow/raw/clouds/cloudsdata-20251126-020001.txt
[2025-11-26 02:30:01] Start data download
Tijdstip: 2025-11-26 02:30
[2025-11-26 02:30:03] Succes: data opgeslagen in /home/hogent/linux-2526-Gil-De-Mets/data-workflow/raw/clouds/cloudsdata-20251126-023001.txt
[2025-11-26 03:00:01] Start data download
Tijdstip: 2025-11-26 03:00
[2025-11-26 03:00:03] Succes: data opgeslagen in /home/hogent/linux-2526-Gil-De-Mets/data-workflow/raw/clouds/cloudsdata-20251126-030001.txt
[2025-11-26 03:30:01] Start data download
Tijdstip: 2025-11-26 03:30
[2025-11-26 03:30:02] Succes: data opgeslagen in /home/hogent/linux-2526-Gil-De-Mets/data-workflow/raw/clouds/cloudsdata-20251126-033001.txt
[2025-11-26 04:00:01] Start data download
Tijdstip: 2025-11-26 04:00
[2025-11-26 04:00:03] Succes: data opgeslagen in /home/hogent/linux-2526-Gil-De-Mets/data-workflow/raw/clouds/cloudsdata-20251126-040001.txt
[2025-11-26 04:30:01] Start data download
Tijdstip: 2025-11-26 04:30
[2025-11-26 04:30:03] Succes: data opgeslagen in /home/hogent/linux-2526-Gil-De-Mets/data-workflow/raw/clouds/cloudsdata-20251126-043001.txt
[2025-11-26 05:00:01] Start data download
Tijdstip: 2025-11-26 05:00
[2025-11-26 05:00:02] Succes: data opgeslagen in /home/hogent/linux-2526-Gil-De-Mets/data-workflow/raw/clouds/cloudsdata-20251126-050001.txt
[2025-11-26 05:30:01] Start data download
Tijdstip: 2025-11-26 05:30
[2025-11-26 05:30:02] Succes: data opgeslagen in /home/hogent/linux-2526-Gil-De-Mets/data-workflow/raw/clouds/cloudsdata-20251126-053001.txt
[2025-11-26 07:30:01] Start data download
Tijdstip: 2025-11-26 07:30
[2025-11-26 07:30:07] Succes: data opgeslagen in /home/hogent/linux-2526-Gil-De-Mets/data-workflow/raw/clouds/cloudsdata-20251126-073001.txt
[2025-11-26 08:00:01] Start data download
Tijdstip: 2025-11-26 08:00
[2025-11-26 08:00:08] Succes: data opgeslagen in /home/hogent/linux-2526-Gil-De-Mets/data-workflow/raw/clouds/cloudsdata-20251126-080001.txt
[2025-11-26 08:30:01] Start data download
Tijdstip: 2025-11-26 08:30
[2025-11-26 08:30:04] Succes: data opgeslagen in /home/hogent/linux-2526-Gil-De-Mets/data-workflow/raw/clouds/cloudsdata-20251126-083001.txt
[2025-11-26 09:00:01] Start data download
Tijdstip: 2025-11-26 09:00
[2025-11-26 09:00:07] Succes: data opgeslagen in /home/hogent/linux-2526-Gil-De-Mets/data-workflow/raw/clouds/cloudsdata-20251126-090001.txt
[2025-11-26 10:00:01] Start data download
Tijdstip: 2025-11-26 10:00
[2025-11-26 10:00:01] Succes: data opgeslagen in /home/hogent/linux-2526-Gil-De-Mets/data-workflow/raw/clouds/cloudsdata-20251126-100001.txt
[2025-11-26 14:30:01] Start data download
Tijdstip: 2025-11-26 14:30
[2025-11-26 14:30:02] Succes: data opgeslagen in /home/hogent/linux-2526-Gil-De-Mets/data-workflow/raw/clouds/cloudsdata-20251126-143001.txt
[2025-11-26 15:00:01] Start data download
Tijdstip: 2025-11-26 15:00
[2025-11-26 15:00:02] Succes: data opgeslagen in /home/hogent/linux-2526-Gil-De-Mets/data-workflow/raw/clouds/cloudsdata-20251126-150001.txt
[2025-11-26 15:30:02] Start data download
Tijdstip: 2025-11-26 15:30
[2025-11-26 15:30:03] Succes: data opgeslagen in /home/hogent/linux-2526-Gil-De-Mets/data-workflow/raw/clouds/cloudsdata-20251126-153002.txt
[2025-11-26 16:00:01] Start data download
Tijdstip: 2025-11-26 16:00
[2025-11-26 16:00:02] Succes: data opgeslagen in /home/hogent/linux-2526-Gil-De-Mets/data-workflow/raw/clouds/cloudsdata-20251126-160001.txt
[2025-11-26 16:30:01] Start data download
Tijdstip: 2025-11-26 16:30
[2025-11-26 16:30:02] Succes: data opgeslagen in /home/hogent/linux-2526-Gil-De-Mets/data-workflow/raw/clouds/cloudsdata-20251126-163001.txt
[2025-11-26 17:00:01] Start data download
Tijdstip: 2025-11-26 17:00
[2025-11-26 17:00:02] Succes: data opgeslagen in /home/hogent/linux-2526-Gil-De-Mets/data-workflow/raw/clouds/cloudsdata-20251126-170001.txt
[2025-11-26 17:30:01] Start data download
Tijdstip: 2025-11-26 17:30
[2025-11-26 17:30:02] Succes: data opgeslagen in /home/hogent/linux-2526-Gil-De-Mets/data-workflow/raw/clouds/cloudsdata-20251126-173001.txt
[2025-11-26 18:00:01] Start data download
Tijdstip: 2025-11-26 18:00
[2025-11-26 18:00:02] Succes: data opgeslagen in /home/hogent/linux-2526-Gil-De-Mets/data-workflow/raw/clouds/cloudsdata-20251126-180001.txt
[2025-11-26 18:30:01] Start data download
Tijdstip: 2025-11-26 18:30
[2025-11-26 18:30:02] Succes: data opgeslagen in /home/hogent/linux-2526-Gil-De-Mets/data-workflow/raw/clouds/cloudsdata-20251126-183001.txt
[2025-11-26 19:00:01] Start data download
Tijdstip: 2025-11-26 19:00
[2025-11-26 19:00:02] Succes: data opgeslagen in /home/hogent/linux-2526-Gil-De-Mets/data-workflow/raw/clouds/cloudsdata-20251126-190001.txt
[2025-11-26 19:30:01] Start data download
Tijdstip: 2025-11-26 19:30
[2025-11-26 19:30:01] Succes: data opgeslagen in /home/hogent/linux-2526-Gil-De-Mets/data-workflow/raw/clouds/cloudsdata-20251126-193001.txt
[2025-11-26 20:00:01] Start data download
Tijdstip: 2025-11-26 20:00
[2025-11-26 20:00:02] Succes: data opgeslagen in /home/hogent/linux-2526-Gil-De-Mets/data-workflow/raw/clouds/cloudsdata-20251126-200001.txt
[2025-11-26 20:30:01] Start data download
Tijdstip: 2025-11-26 20:30
[2025-11-26 20:30:02] Succes: data opgeslagen in /home/hogent/linux-2526-Gil-De-Mets/data-workflow/raw/clouds/cloudsdata-20251126-203001.txt
[2025-11-26 21:00:01] Start data download
Tijdstip: 2025-11-26 21:00
[2025-11-26 21:00:02] Succes: data opgeslagen in /home/hogent/linux-2526-Gil-De-Mets/data-workflow/raw/clouds/cloudsdata-20251126-210001.txt
[2025-11-26 21:30:01] Start data download
Tijdstip: 2025-11-26 21:30
[2025-11-26 21:30:02] Succes: data opgeslagen in /home/hogent/linux-2526-Gil-De-Mets/data-workflow/raw/clouds/cloudsdata-20251126-213001.txt
[2025-11-26 22:00:02] Start data download
Tijdstip: 2025-11-26 22:00
[2025-11-26 22:00:03] Succes: data opgeslagen in /home/hogent/linux-2526-Gil-De-Mets/data-workflow/raw/clouds/cloudsdata-20251126-220002.txt
[2025-11-26 22:30:01] Start data download
Tijdstip: 2025-11-26 22:30
[2025-11-26 22:30:02] Succes: data opgeslagen in /home/hogent/linux-2526-Gil-De-Mets/data-workflow/raw/clouds/cloudsdata-20251126-223001.txt
[2025-11-26 23:00:01] Start data download
Tijdstip: 2025-11-26 23:00
[2025-11-26 23:00:02] Succes: data opgeslagen in /home/hogent/linux-2526-Gil-De-Mets/data-workflow/raw/clouds/cloudsdata-20251126-230001.txt
[2025-11-26 23:30:01] Start data download
Tijdstip: 2025-11-26 23:30
[2025-11-26 23:30:02] Succes: data opgeslagen in /home/hogent/linux-2526-Gil-De-Mets/data-workflow/raw/clouds/cloudsdata-20251126-233001.txt
[2025-11-27 00:00:01] Start data download
Tijdstip: 2025-11-27 00:00
[2025-11-27 00:00:02] Succes: data opgeslagen in /home/hogent/linux-2526-Gil-De-Mets/data-workflow/raw/clouds/cloudsdata-20251127-000001.txt
[2025-11-27 00:30:01] Start data download
Tijdstip: 2025-11-27 00:30
[2025-11-27 00:30:02] Succes: data opgeslagen in /home/hogent/linux-2526-Gil-De-Mets/data-workflow/raw/clouds/cloudsdata-20251127-003001.txt
[2025-11-27 01:00:01] Start data download
Tijdstip: 2025-11-27 01:00
[2025-11-27 01:00:03] Succes: data opgeslagen in /home/hogent/linux-2526-Gil-De-Mets/data-workflow/raw/clouds/cloudsdata-20251127-010001.txt
[2025-11-27 01:30:01] Start data download
Tijdstip: 2025-11-27 01:30
[2025-11-27 01:30:02] Succes: data opgeslagen in /home/hogent/linux-2526-Gil-De-Mets/data-workflow/raw/clouds/cloudsdata-20251127-013001.txt
[2025-11-27 02:00:02] Start data download
Tijdstip: 2025-11-27 02:00
[2025-11-27 02:00:03] Succes: data opgeslagen in /home/hogent/linux-2526-Gil-De-Mets/data-workflow/raw/clouds/cloudsdata-20251127-020002.txt
[2025-11-27 02:30:01] Start data download
Tijdstip: 2025-11-27 02:30
[2025-11-27 02:30:02] Succes: data opgeslagen in /home/hogent/linux-2526-Gil-De-Mets/data-workflow/raw/clouds/cloudsdata-20251127-023001.txt
[2025-11-27 03:00:01] Start data download
Tijdstip: 2025-11-27 03:00
[2025-11-27 03:00:03] Succes: data opgeslagen in /home/hogent/linux-2526-Gil-De-Mets/data-workflow/raw/clouds/cloudsdata-20251127-030001.txt
[2025-11-27 03:30:01] Start data download
Tijdstip: 2025-11-27 03:30
[2025-11-27 03:30:02] Succes: data opgeslagen in /home/hogent/linux-2526-Gil-De-Mets/data-workflow/raw/clouds/cloudsdata-20251127-033001.txt
[2025-11-27 04:00:01] Start data download
Tijdstip: 2025-11-27 04:00
[2025-11-27 04:00:02] Succes: data opgeslagen in /home/hogent/linux-2526-Gil-De-Mets/data-workflow/raw/clouds/cloudsdata-20251127-040001.txt
[2025-11-27 04:30:01] Start data download
Tijdstip: 2025-11-27 04:30
[2025-11-27 04:30:02] Succes: data opgeslagen in /home/hogent/linux-2526-Gil-De-Mets/data-workflow/raw/clouds/cloudsdata-20251127-043001.txt
[2025-11-27 05:00:01] Start data download
Tijdstip: 2025-11-27 05:00
[2025-11-27 05:00:03] Succes: data opgeslagen in /home/hogent/linux-2526-Gil-De-Mets/data-workflow/raw/clouds/cloudsdata-20251127-050001.txt
[2025-11-27 05:30:01] Start data download
Tijdstip: 2025-11-27 05:30
[2025-11-27 05:30:02] Succes: data opgeslagen in /home/hogent/linux-2526-Gil-De-Mets/data-workflow/raw/clouds/cloudsdata-20251127-053001.txt
[2025-11-27 06:00:01] Start data download
Tijdstip: 2025-11-27 06:00
[2025-11-27 06:00:02] Succes: data opgeslagen in /home/hogent/linux-2526-Gil-De-Mets/data-workflow/raw/clouds/cloudsdata-20251127-060001.txt
[2025-11-27 07:30:01] Start data download
Tijdstip: 2025-11-27 07:30
[2025-11-27 07:30:05] Succes: data opgeslagen in /home/hogent/linux-2526-Gil-De-Mets/data-workflow/raw/clouds/cloudsdata-20251127-073001.txt
[2025-11-27 08:00:01] Start data download
Tijdstip: 2025-11-27 08:00
[2025-11-27 08:00:08] Succes: data opgeslagen in /home/hogent/linux-2526-Gil-De-Mets/data-workflow/raw/clouds/cloudsdata-20251127-080001.txt
[2025-11-27 08:30:01] Start data download
Tijdstip: 2025-11-27 08:30
[2025-11-27 08:30:06] Succes: data opgeslagen in /home/hogent/linux-2526-Gil-De-Mets/data-workflow/raw/clouds/cloudsdata-20251127-083001.txt
[2025-11-27 09:00:01] Start data download
Tijdstip: 2025-11-27 09:00
[2025-11-27 09:00:06] Succes: data opgeslagen in /home/hogent/linux-2526-Gil-De-Mets/data-workflow/raw/clouds/cloudsdata-20251127-090001.txt
[2025-11-27 09:30:01] Start data download
Tijdstip: 2025-11-27 09:30
[2025-11-27 09:30:10] Succes: data opgeslagen in /home/hogent/linux-2526-Gil-De-Mets/data-workflow/raw/clouds/cloudsdata-20251127-093001.txt
[2025-11-27 10:00:01] Start data download
Tijdstip: 2025-11-27 10:00
[2025-11-27 10:00:07] Succes: data opgeslagen in /home/hogent/linux-2526-Gil-De-Mets/data-workflow/raw/clouds/cloudsdata-20251127-100001.txt
[2025-11-27 10:30:01] Start data download
Tijdstip: 2025-11-27 10:30
[2025-11-27 10:30:08] Succes: data opgeslagen in /home/hogent/linux-2526-Gil-De-Mets/data-workflow/raw/clouds/cloudsdata-20251127-103001.txt
[2025-11-27 11:00:01] Start data download
Tijdstip: 2025-11-27 11:00
[2025-11-27 11:00:03] Succes: data opgeslagen in /home/hogent/linux-2526-Gil-De-Mets/data-workflow/raw/clouds/cloudsdata-20251127-110001.txt
[2025-11-27 13:00:02] Start data download
Tijdstip: 2025-11-27 13:00
[2025-11-27 13:00:04] Succes: data opgeslagen in /home/hogent/linux-2526-Gil-De-Mets/data-workflow/raw/clouds/cloudsdata-20251127-130002.txt
[2025-11-27 13:30:01] Start data download
Tijdstip: 2025-11-27 13:30
[2025-11-27 13:30:02] Succes: data opgeslagen in /home/hogent/linux-2526-Gil-De-Mets/data-workflow/raw/clouds/cloudsdata-20251127-133001.txt
[2025-11-27 14:00:01] Start data download
Tijdstip: 2025-11-27 14:00
[2025-11-27 14:00:02] Succes: data opgeslagen in /home/hogent/linux-2526-Gil-De-Mets/data-workflow/raw/clouds/cloudsdata-20251127-140001.txt
[2025-11-27 14:30:01] Start data download
Tijdstip: 2025-11-27 14:30
[2025-11-27 14:30:02] Succes: data opgeslagen in /home/hogent/linux-2526-Gil-De-Mets/data-workflow/raw/clouds/cloudsdata-20251127-143001.txt
[2025-11-27 15:00:01] Start data download
Tijdstip: 2025-11-27 15:00
[2025-11-27 15:00:02] Succes: data opgeslagen in /home/hogent/linux-2526-Gil-De-Mets/data-workflow/raw/clouds/cloudsdata-20251127-150001.txt
[2025-11-27 15:30:02] Start data download
Tijdstip: 2025-11-27 15:30
[2025-11-27 15:30:03] Succes: data opgeslagen in /home/hogent/linux-2526-Gil-De-Mets/data-workflow/raw/clouds/cloudsdata-20251127-153002.txt
[2025-11-27 16:00:01] Start data download
Tijdstip: 2025-11-27 16:00
[2025-11-27 16:00:02] Succes: data opgeslagen in /home/hogent/linux-2526-Gil-De-Mets/data-workflow/raw/clouds/cloudsdata-20251127-160001.txt
[2025-11-28 10:00:01] Start data download
Tijdstip: 2025-11-28 10:00
[2025-11-28 10:00:08] Succes: data opgeslagen in /home/hogent/linux-2526-Gil-De-Mets/data-workflow/raw/clouds/cloudsdata-20251128-100001.txt
[2025-11-28 10:30:01] Start data download
Tijdstip: 2025-11-28 10:30
[2025-11-28 10:30:04] Succes: data opgeslagen in /home/hogent/linux-2526-Gil-De-Mets/data-workflow/raw/clouds/cloudsdata-20251128-103001.txt
[2025-11-28 11:00:02] Start data download
Tijdstip: 2025-11-28 11:00
[2025-11-28 11:00:08] Succes: data opgeslagen in /home/hogent/linux-2526-Gil-De-Mets/data-workflow/raw/clouds/cloudsdata-20251128-110002.txt
[2025-11-28 13:00:01] Start data download
Tijdstip: 2025-11-28 13:00
[2025-11-28 13:00:08] Succes: data opgeslagen in /home/hogent/linux-2526-Gil-De-Mets/data-workflow/raw/clouds/cloudsdata-20251128-130001.txt
[2025-11-28 13:30:01] Start data download
Tijdstip: 2025-11-28 13:30
[2025-11-28 13:30:04] Succes: data opgeslagen in /home/hogent/linux-2526-Gil-De-Mets/data-workflow/raw/clouds/cloudsdata-20251128-133001.txt
[2025-11-28 14:00:01] Start data download
Tijdstip: 2025-11-28 14:00
[2025-11-28 14:00:06] Succes: data opgeslagen in /home/hogent/linux-2526-Gil-De-Mets/data-workflow/raw/clouds/cloudsdata-20251128-140001.txt
[2025-11-28 14:30:01] Start data download
Tijdstip: 2025-11-28 14:30
[2025-11-28 14:30:05] Succes: data opgeslagen in /home/hogent/linux-2526-Gil-De-Mets/data-workflow/raw/clouds/cloudsdata-20251128-143001.txt
[2025-11-28 15:00:01] Start data download
Tijdstip: 2025-11-28 15:00
[2025-11-28 15:00:08] Succes: data opgeslagen in /home/hogent/linux-2526-Gil-De-Mets/data-workflow/raw/clouds/cloudsdata-20251128-150001.txt
[2025-11-28 15:30:01] Start data download
Tijdstip: 2025-11-28 15:30
[2025-11-28 15:30:09] Succes: data opgeslagen in /home/hogent/linux-2526-Gil-De-Mets/data-workflow/raw/clouds/cloudsdata-20251128-153001.txt
[2025-11-28 17:00:01] Start data download
Tijdstip: 2025-11-28 17:00
[2025-11-28 17:00:02] Succes: data opgeslagen in /home/hogent/linux-2526-Gil-De-Mets/data-workflow/raw/clouds/cloudsdata-20251128-170001.txt
[2025-11-28 17:30:01] Start data download
Tijdstip: 2025-11-28 17:30
[2025-11-28 17:30:02] Succes: data opgeslagen in /home/hogent/linux-2526-Gil-De-Mets/data-workflow/raw/clouds/cloudsdata-20251128-173001.txt
[2025-11-28 18:00:01] Start data download
Tijdstip: 2025-11-28 18:00
[2025-11-28 18:00:02] Succes: data opgeslagen in /home/hogent/linux-2526-Gil-De-Mets/data-workflow/raw/clouds/cloudsdata-20251128-180001.txt
[2025-11-28 18:30:01] Start data download
Tijdstip: 2025-11-28 18:30
[2025-11-28 18:30:02] Succes: data opgeslagen in /home/hogent/linux-2526-Gil-De-Mets/data-workflow/raw/clouds/cloudsdata-20251128-183001.txt
[2025-11-28 19:00:01] Start data download
Tijdstip: 2025-11-28 19:00
[2025-11-28 19:00:02] Succes: data opgeslagen in /home/hogent/linux-2526-Gil-De-Mets/data-workflow/raw/clouds/cloudsdata-20251128-190001.txt
[2025-11-28 19:30:01] Start data download
Tijdstip: 2025-11-28 19:30
[2025-11-28 19:30:02] Succes: data opgeslagen in /home/hogent/linux-2526-Gil-De-Mets/data-workflow/raw/clouds/cloudsdata-20251128-193001.txt
[2025-11-28 20:00:01] Start data download
Tijdstip: 2025-11-28 20:00
[2025-11-28 20:00:02] Succes: data opgeslagen in /home/hogent/linux-2526-Gil-De-Mets/data-workflow/raw/clouds/cloudsdata-20251128-200001.txt
[2025-11-28 20:30:01] Start data download
Tijdstip: 2025-11-28 20:30
[2025-11-28 20:30:02] Succes: data opgeslagen in /home/hogent/linux-2526-Gil-De-Mets/data-workflow/raw/clouds/cloudsdata-20251128-203001.txt
[2025-11-28 21:00:01] Start data download
Tijdstip: 2025-11-28 21:00
[2025-11-28 21:00:02] Succes: data opgeslagen in /home/hogent/linux-2526-Gil-De-Mets/data-workflow/raw/clouds/cloudsdata-20251128-210001.txt
[2025-11-28 21:30:01] Start data download
Tijdstip: 2025-11-28 21:30
[2025-11-28 21:30:02] Succes: data opgeslagen in /home/hogent/linux-2526-Gil-De-Mets/data-workflow/raw/clouds/cloudsdata-20251128-213001.txt
[2025-11-28 22:00:01] Start data download
Tijdstip: 2025-11-28 22:00
[2025-11-28 22:00:02] Succes: data opgeslagen in /home/hogent/linux-2526-Gil-De-Mets/data-workflow/raw/clouds/cloudsdata-20251128-220001.txt
[2025-11-28 22:30:01] Start data download
Tijdstip: 2025-11-28 22:30
[2025-11-28 22:30:02] Succes: data opgeslagen in /home/hogent/linux-2526-Gil-De-Mets/data-workflow/raw/clouds/cloudsdata-20251128-223001.txt
[2025-11-28 23:00:01] Start data download
Tijdstip: 2025-11-28 23:00
[2025-11-28 23:00:02] Succes: data opgeslagen in /home/hogent/linux-2526-Gil-De-Mets/data-workflow/raw/clouds/cloudsdata-20251128-230001.txt
[2025-11-28 23:30:01] Start data download
Tijdstip: 2025-11-28 23:30
[2025-11-28 23:30:03] Succes: data opgeslagen in /home/hogent/linux-2526-Gil-De-Mets/data-workflow/raw/clouds/cloudsdata-20251128-233001.txt
[2025-11-29 00:00:01] Start data download
Tijdstip: 2025-11-29 00:00
[2025-11-29 00:00:02] Succes: data opgeslagen in /home/hogent/linux-2526-Gil-De-Mets/data-workflow/raw/clouds/cloudsdata-20251129-000001.txt
[2025-11-29 00:30:01] Start data download
Tijdstip: 2025-11-29 00:30
[2025-11-29 00:30:02] Succes: data opgeslagen in /home/hogent/linux-2526-Gil-De-Mets/data-workflow/raw/clouds/cloudsdata-20251129-003001.txt
[2025-11-29 01:00:01] Start data download
Tijdstip: 2025-11-29 01:00
[2025-11-29 01:00:02] Succes: data opgeslagen in /home/hogent/linux-2526-Gil-De-Mets/data-workflow/raw/clouds/cloudsdata-20251129-010001.txt
[2025-11-29 01:30:01] Start data download
Tijdstip: 2025-11-29 01:30
[2025-11-29 01:30:02] Succes: data opgeslagen in /home/hogent/linux-2526-Gil-De-Mets/data-workflow/raw/clouds/cloudsdata-20251129-013001.txt
[2025-11-29 02:00:01] Start data download
Tijdstip: 2025-11-29 02:00
[2025-11-29 02:00:03] Succes: data opgeslagen in /home/hogent/linux-2526-Gil-De-Mets/data-workflow/raw/clouds/cloudsdata-20251129-020001.txt
[2025-11-29 02:30:01] Start data download
Tijdstip: 2025-11-29 02:30
[2025-11-29 02:30:02] Succes: data opgeslagen in /home/hogent/linux-2526-Gil-De-Mets/data-workflow/raw/clouds/cloudsdata-20251129-023001.txt
[2025-11-29 03:00:01] Start data download
Tijdstip: 2025-11-29 03:00
[2025-11-29 03:00:02] Succes: data opgeslagen in /home/hogent/linux-2526-Gil-De-Mets/data-workflow/raw/clouds/cloudsdata-20251129-030001.txt
[2025-11-29 03:30:01] Start data download
Tijdstip: 2025-11-29 03:30
[2025-11-29 03:30:02] Succes: data opgeslagen in /home/hogent/linux-2526-Gil-De-Mets/data-workflow/raw/clouds/cloudsdata-20251129-033001.txt
[2025-11-29 04:00:01] Start data download
Tijdstip: 2025-11-29 04:00
[2025-11-29 04:00:03] Succes: data opgeslagen in /home/hogent/linux-2526-Gil-De-Mets/data-workflow/raw/clouds/cloudsdata-20251129-040001.txt
[2025-11-29 04:30:01] Start data download
Tijdstip: 2025-11-29 04:30
[2025-11-29 04:30:02] Succes: data opgeslagen in /home/hogent/linux-2526-Gil-De-Mets/data-workflow/raw/clouds/cloudsdata-20251129-043001.txt
[2025-11-29 05:00:01] Start data download
Tijdstip: 2025-11-29 05:00
[2025-11-29 05:00:03] Succes: data opgeslagen in /home/hogent/linux-2526-Gil-De-Mets/data-workflow/raw/clouds/cloudsdata-20251129-050001.txt
[2025-11-29 05:30:01] Start data download
Tijdstip: 2025-11-29 05:30
[2025-11-29 05:30:02] Succes: data opgeslagen in /home/hogent/linux-2526-Gil-De-Mets/data-workflow/raw/clouds/cloudsdata-20251129-053001.txt
[2025-11-29 06:00:01] Start data download
Tijdstip: 2025-11-29 06:00
[2025-11-29 06:00:02] Succes: data opgeslagen in /home/hogent/linux-2526-Gil-De-Mets/data-workflow/raw/clouds/cloudsdata-20251129-060001.txt
[2025-11-29 06:30:01] Start data download
Tijdstip: 2025-11-29 06:30
[2025-11-29 06:30:03] Succes: data opgeslagen in /home/hogent/linux-2526-Gil-De-Mets/data-workflow/raw/clouds/cloudsdata-20251129-063001.txt
[2025-11-29 07:00:01] Start data download
Tijdstip: 2025-11-29 07:00
[2025-11-29 07:00:02] Succes: data opgeslagen in /home/hogent/linux-2526-Gil-De-Mets/data-workflow/raw/clouds/cloudsdata-20251129-070001.txt
[2025-11-29 07:30:01] Start data download
Tijdstip: 2025-11-29 07:30
[2025-11-29 07:30:03] Succes: data opgeslagen in /home/hogent/linux-2526-Gil-De-Mets/data-workflow/raw/clouds/cloudsdata-20251129-073001.txt
[2025-11-29 08:00:01] Start data download
Tijdstip: 2025-11-29 08:00
[2025-11-29 08:00:02] Succes: data opgeslagen in /home/hogent/linux-2526-Gil-De-Mets/data-workflow/raw/clouds/cloudsdata-20251129-080001.txt
[2025-11-29 08:30:01] Start data download
Tijdstip: 2025-11-29 08:30
[2025-11-29 08:30:02] Succes: data opgeslagen in /home/hogent/linux-2526-Gil-De-Mets/data-workflow/raw/clouds/cloudsdata-20251129-083001.txt
[2025-11-29 09:00:01] Start data download
Tijdstip: 2025-11-29 09:00
[2025-11-29 09:00:02] Succes: data opgeslagen in /home/hogent/linux-2526-Gil-De-Mets/data-workflow/raw/clouds/cloudsdata-20251129-090001.txt
[2025-11-29 09:30:01] Start data download
Tijdstip: 2025-11-29 09:30
[2025-11-29 09:30:03] Succes: data opgeslagen in /home/hogent/linux-2526-Gil-De-Mets/data-workflow/raw/clouds/cloudsdata-20251129-093001.txt
[2025-11-29 10:00:01] Start data download
Tijdstip: 2025-11-29 10:00
[2025-11-29 10:00:02] Succes: data opgeslagen in /home/hogent/linux-2526-Gil-De-Mets/data-workflow/raw/clouds/cloudsdata-20251129-100001.txt
[2025-11-29 10:30:01] Start data download
Tijdstip: 2025-11-29 10:30
[2025-11-29 10:30:02] Succes: data opgeslagen in /home/hogent/linux-2526-Gil-De-Mets/data-workflow/raw/clouds/cloudsdata-20251129-103001.txt
[2025-11-29 11:00:01] Start data download
Tijdstip: 2025-11-29 11:00
[2025-11-29 11:00:02] Succes: data opgeslagen in /home/hogent/linux-2526-Gil-De-Mets/data-workflow/raw/clouds/cloudsdata-20251129-110001.txt
[2025-11-29 11:30:01] Start data download
Tijdstip: 2025-11-29 11:30
[2025-11-29 11:30:02] Succes: data opgeslagen in /home/hogent/linux-2526-Gil-De-Mets/data-workflow/raw/clouds/cloudsdata-20251129-113001.txt
[2025-11-29 12:00:01] Start data download
Tijdstip: 2025-11-29 12:00
[2025-11-29 12:00:02] Succes: data opgeslagen in /home/hogent/linux-2526-Gil-De-Mets/data-workflow/raw/clouds/cloudsdata-20251129-120001.txt
[2025-11-29 12:30:01] Start data download
Tijdstip: 2025-11-29 12:30
[2025-11-29 12:30:02] Succes: data opgeslagen in /home/hogent/linux-2526-Gil-De-Mets/data-workflow/raw/clouds/cloudsdata-20251129-123001.txt
[2025-11-29 13:00:01] Start data download
Tijdstip: 2025-11-29 13:00
[2025-11-29 13:00:02] Succes: data opgeslagen in /home/hogent/linux-2526-Gil-De-Mets/data-workflow/raw/clouds/cloudsdata-20251129-130001.txt
[2025-11-29 13:30:01] Start data download
Tijdstip: 2025-11-29 13:30
[2025-11-29 13:30:02] Succes: data opgeslagen in /home/hogent/linux-2526-Gil-De-Mets/data-workflow/raw/clouds/cloudsdata-20251129-133001.txt
[2025-11-29 14:00:01] Start data download
Tijdstip: 2025-11-29 14:00
[2025-11-29 14:00:02] Succes: data opgeslagen in /home/hogent/linux-2526-Gil-De-Mets/data-workflow/raw/clouds/cloudsdata-20251129-140001.txt
[2025-11-29 14:30:01] Start data download
Tijdstip: 2025-11-29 14:30
[2025-11-29 14:30:01] Succes: data opgeslagen in /home/hogent/linux-2526-Gil-De-Mets/data-workflow/raw/clouds/cloudsdata-20251129-143001.txt
[2025-11-29 15:00:01] Start data download
Tijdstip: 2025-11-29 15:00
[2025-11-29 15:00:01] Succes: data opgeslagen in /home/hogent/linux-2526-Gil-De-Mets/data-workflow/raw/clouds/cloudsdata-20251129-150001.txt
[2025-11-29 15:30:01] Start data download
Tijdstip: 2025-11-29 15:30
[2025-11-29 15:30:02] Succes: data opgeslagen in /home/hogent/linux-2526-Gil-De-Mets/data-workflow/raw/clouds/cloudsdata-20251129-153001.txt
[2025-11-29 16:00:01] Start data download
Tijdstip: 2025-11-29 16:00
[2025-11-29 16:00:02] Succes: data opgeslagen in /home/hogent/linux-2526-Gil-De-Mets/data-workflow/raw/clouds/cloudsdata-20251129-160001.txt
[2025-11-29 16:30:01] Start data download
Tijdstip: 2025-11-29 16:30
[2025-11-29 16:30:02] Succes: data opgeslagen in /home/hogent/linux-2526-Gil-De-Mets/data-workflow/raw/clouds/cloudsdata-20251129-163001.txt
