[2025-11-19 21:00:01] Start data download
Periode: 2025-11-19T20:00:01 -> 2025-11-19T21:00:01
[2025-11-19 21:00:03] Succes: data opgeslagen in /home/hogent/linux-2526-Gil-De-Mets/data-workflow/raw/price/pricedata-20251119-210001.json
[2025-11-19 22:00:01] Start data download
Periode: 2025-11-19T21:00:01 -> 2025-11-19T22:00:01
[2025-11-19 22:00:03] Succes: data opgeslagen in /home/hogent/linux-2526-Gil-De-Mets/data-workflow/raw/price/pricedata-20251119-220001.json
[2025-11-19 23:00:01] Start data download
Periode: 2025-11-19T22:00:01 -> 2025-11-19T23:00:01
[2025-11-19 23:00:03] Succes: data opgeslagen in /home/hogent/linux-2526-Gil-De-Mets/data-workflow/raw/price/pricedata-20251119-230001.json
[2025-11-20 00:00:01] Start data download
Periode: 2025-11-19T23:00:01 -> 2025-11-20T00:00:01
[2025-11-20 00:00:04] Succes: data opgeslagen in /home/hogent/linux-2526-Gil-De-Mets/data-workflow/raw/price/pricedata-20251120-000001.json
[2025-11-20 01:00:01] Start data download
Periode: 2025-11-20T00:00:01 -> 2025-11-20T01:00:01
[2025-11-20 01:00:03] Succes: data opgeslagen in /home/hogent/linux-2526-Gil-De-Mets/data-workflow/raw/price/pricedata-20251120-010001.json
[2025-11-20 02:00:01] Start data download
Periode: 2025-11-20T01:00:01 -> 2025-11-20T02:00:01
[2025-11-20 02:00:03] Succes: data opgeslagen in /home/hogent/linux-2526-Gil-De-Mets/data-workflow/raw/price/pricedata-20251120-020001.json
[2025-11-20 03:00:01] Start data download
Periode: 2025-11-20T02:00:01 -> 2025-11-20T03:00:01
[2025-11-20 03:00:03] Succes: data opgeslagen in /home/hogent/linux-2526-Gil-De-Mets/data-workflow/raw/price/pricedata-20251120-030001.json
[2025-11-20 04:00:01] Start data download
Periode: 2025-11-20T03:00:01 -> 2025-11-20T04:00:01
[2025-11-20 04:00:03] Succes: data opgeslagen in /home/hogent/linux-2526-Gil-De-Mets/data-workflow/raw/price/pricedata-20251120-040001.json
[2025-11-20 05:00:01] Start data download
Periode: 2025-11-20T04:00:01 -> 2025-11-20T05:00:01
[2025-11-20 05:00:03] Succes: data opgeslagen in /home/hogent/linux-2526-Gil-De-Mets/data-workflow/raw/price/pricedata-20251120-050001.json
[2025-11-20 06:00:01] Start data download
Periode: 2025-11-20T05:00:01 -> 2025-11-20T06:00:01
[2025-11-20 06:00:04] Succes: data opgeslagen in /home/hogent/linux-2526-Gil-De-Mets/data-workflow/raw/price/pricedata-20251120-060001.json
[2025-11-20 08:00:01] Start data download
Periode: 2025-11-20T07:00:01 -> 2025-11-20T08:00:01
[2025-11-20 08:00:03] Succes: data opgeslagen in /home/hogent/linux-2526-Gil-De-Mets/data-workflow/raw/price/pricedata-20251120-080001.json
[2025-11-20 09:00:01] Start data download
Periode: 2025-11-20T08:00:01 -> 2025-11-20T09:00:01
[2025-11-20 09:00:04] Succes: data opgeslagen in /home/hogent/linux-2526-Gil-De-Mets/data-workflow/raw/price/pricedata-20251120-090001.json
[2025-11-20 10:00:01] Start data download
Periode: 2025-11-20T09:00:01 -> 2025-11-20T10:00:01
[2025-11-20 10:00:03] Succes: data opgeslagen in /home/hogent/linux-2526-Gil-De-Mets/data-workflow/raw/price/pricedata-20251120-100001.json
[2025-11-20 11:00:01] Start data download
Periode: 2025-11-20T10:00:01 -> 2025-11-20T11:00:01
[2025-11-20 11:00:04] Succes: data opgeslagen in /home/hogent/linux-2526-Gil-De-Mets/data-workflow/raw/price/pricedata-20251120-110001.json
[2025-11-20 13:07:07] Start data download
Periode: 2025-11-20T12:07:07 -> 2025-11-20T13:07:07
[2025-11-20 13:07:07] Succes: data opgeslagen in /home/hogent/linux-2526-Gil-De-Mets/data-workflow/raw/price/pricedata-20251120-130707.json
[2025-11-20 14:00:01] Start data download
Periode: 2025-11-20T13:00:01 -> 2025-11-20T14:00:01
[2025-11-20 14:00:03] Succes: data opgeslagen in /home/hogent/linux-2526-Gil-De-Mets/data-workflow/raw/price/pricedata-20251120-140001.json
[2025-11-20 15:00:01] Start data download
Periode: 2025-11-20T14:00:01 -> 2025-11-20T15:00:01
[2025-11-20 15:00:03] Succes: data opgeslagen in /home/hogent/linux-2526-Gil-De-Mets/data-workflow/raw/price/pricedata-20251120-150001.json
[2025-11-20 16:00:01] Start data download
Periode: 2025-11-20T15:00:01 -> 2025-11-20T16:00:01
[2025-11-20 16:00:03] Succes: data opgeslagen in /home/hogent/linux-2526-Gil-De-Mets/data-workflow/raw/price/pricedata-20251120-160001.json
[2025-11-20 17:00:01] Start data download
Periode: 2025-11-20T16:00:01 -> 2025-11-20T17:00:01
[2025-11-20 17:00:04] Succes: data opgeslagen in /home/hogent/linux-2526-Gil-De-Mets/data-workflow/raw/price/pricedata-20251120-170001.json
[2025-11-20 18:00:01] Start data download
Periode: 2025-11-20T17:00:01 -> 2025-11-20T18:00:01
[2025-11-20 18:00:05] Succes: data opgeslagen in /home/hogent/linux-2526-Gil-De-Mets/data-workflow/raw/price/pricedata-20251120-180001.json
[2025-11-20 19:00:01] Start data download
Periode: 2025-11-20T18:00:01 -> 2025-11-20T19:00:01
[2025-11-20 19:00:01] Succes: data opgeslagen in /home/hogent/linux-2526-Gil-De-Mets/data-workflow/raw/price/pricedata-20251120-190001.json
[2025-11-20 20:00:01] Start data download
Periode: 2025-11-20T19:00:01 -> 2025-11-20T20:00:01
[2025-11-20 20:00:03] Succes: data opgeslagen in /home/hogent/linux-2526-Gil-De-Mets/data-workflow/raw/price/pricedata-20251120-200001.json
[2025-11-20 21:00:01] Start data download
Periode: 2025-11-20T20:00:01 -> 2025-11-20T21:00:01
[2025-11-20 21:00:03] Succes: data opgeslagen in /home/hogent/linux-2526-Gil-De-Mets/data-workflow/raw/price/pricedata-20251120-210001.json
[2025-11-20 22:00:01] Start data download
Periode: 2025-11-20T21:00:01 -> 2025-11-20T22:00:01
[2025-11-20 22:00:04] Succes: data opgeslagen in /home/hogent/linux-2526-Gil-De-Mets/data-workflow/raw/price/pricedata-20251120-220001.json
[2025-11-20 23:00:01] Start data download
Periode: 2025-11-20T22:00:01 -> 2025-11-20T23:00:01
[2025-11-20 23:00:02] Succes: data opgeslagen in /home/hogent/linux-2526-Gil-De-Mets/data-workflow/raw/price/pricedata-20251120-230001.json
[2025-11-21 00:00:01] Start data download
Periode: 2025-11-20T23:00:01 -> 2025-11-21T00:00:01
[2025-11-21 00:00:04] Succes: data opgeslagen in /home/hogent/linux-2526-Gil-De-Mets/data-workflow/raw/price/pricedata-20251121-000001.json
[2025-11-21 01:00:01] Start data download
Periode: 2025-11-21T00:00:01 -> 2025-11-21T01:00:01
[2025-11-21 01:00:02] Succes: data opgeslagen in /home/hogent/linux-2526-Gil-De-Mets/data-workflow/raw/price/pricedata-20251121-010001.json
[2025-11-21 02:00:01] Start data download
Periode: 2025-11-21T01:00:01 -> 2025-11-21T02:00:01
[2025-11-21 02:00:03] Succes: data opgeslagen in /home/hogent/linux-2526-Gil-De-Mets/data-workflow/raw/price/pricedata-20251121-020001.json
[2025-11-21 03:00:01] Start data download
Periode: 2025-11-21T02:00:01 -> 2025-11-21T03:00:01
[2025-11-21 03:00:03] Succes: data opgeslagen in /home/hogent/linux-2526-Gil-De-Mets/data-workflow/raw/price/pricedata-20251121-030001.json
[2025-11-21 04:00:01] Start data download
Periode: 2025-11-21T03:00:01 -> 2025-11-21T04:00:01
[2025-11-21 04:00:03] Succes: data opgeslagen in /home/hogent/linux-2526-Gil-De-Mets/data-workflow/raw/price/pricedata-20251121-040001.json
[2025-11-21 05:00:01] Start data download
Periode: 2025-11-21T04:00:01 -> 2025-11-21T05:00:01
[2025-11-21 05:00:03] Succes: data opgeslagen in /home/hogent/linux-2526-Gil-De-Mets/data-workflow/raw/price/pricedata-20251121-050001.json
[2025-11-21 06:00:01] Start data download
Periode: 2025-11-21T05:00:01 -> 2025-11-21T06:00:01
[2025-11-21 06:00:03] Succes: data opgeslagen in /home/hogent/linux-2526-Gil-De-Mets/data-workflow/raw/price/pricedata-20251121-060001.json
[2025-11-21 07:00:01] Start data download
Periode: 2025-11-21T06:00:01 -> 2025-11-21T07:00:01
[2025-11-21 07:00:03] Succes: data opgeslagen in /home/hogent/linux-2526-Gil-De-Mets/data-workflow/raw/price/pricedata-20251121-070001.json
[2025-11-21 08:00:01] Start data download
Periode: 2025-11-21T07:00:01 -> 2025-11-21T08:00:01
[2025-11-21 08:00:04] Succes: data opgeslagen in /home/hogent/linux-2526-Gil-De-Mets/data-workflow/raw/price/pricedata-20251121-080001.json
[2025-11-21 10:00:01] Start data download
Periode: 2025-11-21T09:00:01 -> 2025-11-21T10:00:01
[2025-11-21 10:00:03] Succes: data opgeslagen in /home/hogent/linux-2526-Gil-De-Mets/data-workflow/raw/price/pricedata-20251121-100001.json
[2025-11-21 11:00:01] Start data download
Periode: 2025-11-21T10:00:01 -> 2025-11-21T11:00:01
[2025-11-21 11:00:03] Succes: data opgeslagen in /home/hogent/linux-2526-Gil-De-Mets/data-workflow/raw/price/pricedata-20251121-110001.json
[2025-11-21 12:00:01] Start data download
Periode: 2025-11-21T11:00:01 -> 2025-11-21T12:00:01
[2025-11-21 12:00:04] Succes: data opgeslagen in /home/hogent/linux-2526-Gil-De-Mets/data-workflow/raw/price/pricedata-20251121-120001.json
[2025-11-21 13:00:01] Start data download
Periode: 2025-11-21T12:00:01 -> 2025-11-21T13:00:01
[2025-11-21 13:00:03] Succes: data opgeslagen in /home/hogent/linux-2526-Gil-De-Mets/data-workflow/raw/price/pricedata-20251121-130001.json
[2025-11-21 14:00:01] Start data download
Periode: 2025-11-21T13:00:01 -> 2025-11-21T14:00:01
[2025-11-21 14:00:05] Succes: data opgeslagen in /home/hogent/linux-2526-Gil-De-Mets/data-workflow/raw/price/pricedata-20251121-140001.json
[2025-11-21 15:00:01] Start data download
Periode: 2025-11-21T14:00:01 -> 2025-11-21T15:00:01
[2025-11-21 15:00:03] Succes: data opgeslagen in /home/hogent/linux-2526-Gil-De-Mets/data-workflow/raw/price/pricedata-20251121-150001.json
[2025-11-21 17:00:01] Start data download
Periode: 2025-11-21T16:00:01 -> 2025-11-21T17:00:01
[2025-11-21 17:00:03] Succes: data opgeslagen in /home/hogent/linux-2526-Gil-De-Mets/data-workflow/raw/price/pricedata-20251121-170001.json
[2025-11-21 17:34:52] Start data download
Periode: 2025-11-21T16:34:52 -> 2025-11-21T17:34:52
[2025-11-21 17:34:53] Succes: data opgeslagen in /home/hogent/linux-2526-Gil-De-Mets/data-workflow/raw/price/pricedata-20251121-173452.json
[2025-11-21 18:00:02] Start data download
Periode: 2025-11-21T17:00:02 -> 2025-11-21T18:00:02
[2025-11-21 18:00:03] Succes: data opgeslagen in /home/hogent/linux-2526-Gil-De-Mets/data-workflow/raw/price/pricedata-20251121-180002.json
[2025-11-21 19:00:01] Start data download
Periode: 2025-11-21T18:00:01 -> 2025-11-21T19:00:01
[2025-11-21 19:00:04] Succes: data opgeslagen in /home/hogent/linux-2526-Gil-De-Mets/data-workflow/raw/price/pricedata-20251121-190001.json
[2025-11-21 20:00:01] Start data download
Periode: 2025-11-21T19:00:01 -> 2025-11-21T20:00:01
[2025-11-21 20:00:03] Succes: data opgeslagen in /home/hogent/linux-2526-Gil-De-Mets/data-workflow/raw/price/pricedata-20251121-200001.json
[2025-11-21 21:00:01] Start data download
Periode: 2025-11-21T20:00:01 -> 2025-11-21T21:00:01
[2025-11-21 21:00:03] Succes: data opgeslagen in /home/hogent/linux-2526-Gil-De-Mets/data-workflow/raw/price/pricedata-20251121-210001.json
[2025-11-21 22:00:01] Start data download
Periode: 2025-11-21T21:00:01 -> 2025-11-21T22:00:01
[2025-11-21 22:00:03] Succes: data opgeslagen in /home/hogent/linux-2526-Gil-De-Mets/data-workflow/raw/price/pricedata-20251121-220001.json
[2025-11-21 23:00:01] Start data download
Periode: 2025-11-21T22:00:01 -> 2025-11-21T23:00:01
[2025-11-21 23:00:03] Succes: data opgeslagen in /home/hogent/linux-2526-Gil-De-Mets/data-workflow/raw/price/pricedata-20251121-230001.json
[2025-11-22 00:00:01] Start data download
Periode: 2025-11-21T23:00:01 -> 2025-11-22T00:00:01
[2025-11-22 00:00:03] Succes: data opgeslagen in /home/hogent/linux-2526-Gil-De-Mets/data-workflow/raw/price/pricedata-20251122-000001.json
[2025-11-22 01:00:01] Start data download
Periode: 2025-11-22T00:00:01 -> 2025-11-22T01:00:01
[2025-11-22 01:00:03] Succes: data opgeslagen in /home/hogent/linux-2526-Gil-De-Mets/data-workflow/raw/price/pricedata-20251122-010001.json
[2025-11-22 09:00:01] Start data download
Periode: 2025-11-22T08:00:01 -> 2025-11-22T09:00:01
[2025-11-22 09:00:03] Succes: data opgeslagen in /home/hogent/linux-2526-Gil-De-Mets/data-workflow/raw/price/pricedata-20251122-090001.json
[2025-11-22 10:00:01] Start data download
Periode: 2025-11-22T09:00:01 -> 2025-11-22T10:00:01
[2025-11-22 10:00:03] Succes: data opgeslagen in /home/hogent/linux-2526-Gil-De-Mets/data-workflow/raw/price/pricedata-20251122-100001.json
[2025-11-22 11:00:01] Start data download
Periode: 2025-11-22T10:00:01 -> 2025-11-22T11:00:01
[2025-11-22 11:00:05] Succes: data opgeslagen in /home/hogent/linux-2526-Gil-De-Mets/data-workflow/raw/price/pricedata-20251122-110001.json
[2025-11-22 12:00:01] Start data download
Periode: 2025-11-22T11:00:01 -> 2025-11-22T12:00:01
[2025-11-22 12:00:04] Succes: data opgeslagen in /home/hogent/linux-2526-Gil-De-Mets/data-workflow/raw/price/pricedata-20251122-120001.json
[2025-11-22 13:00:01] Start data download
Periode: 2025-11-22T12:00:01 -> 2025-11-22T13:00:01
[2025-11-22 13:00:03] Succes: data opgeslagen in /home/hogent/linux-2526-Gil-De-Mets/data-workflow/raw/price/pricedata-20251122-130001.json
[2025-11-22 14:00:01] Start data download
Periode: 2025-11-22T13:00:01 -> 2025-11-22T14:00:01
[2025-11-22 14:00:04] Succes: data opgeslagen in /home/hogent/linux-2526-Gil-De-Mets/data-workflow/raw/price/pricedata-20251122-140001.json
[2025-11-22 15:00:01] Start data download
Periode: 2025-11-22T14:00:01 -> 2025-11-22T15:00:01
[2025-11-22 15:00:02] Succes: data opgeslagen in /home/hogent/linux-2526-Gil-De-Mets/data-workflow/raw/price/pricedata-20251122-150001.json
[2025-11-22 17:00:01] Start data download
Periode: 2025-11-22T16:00:01 -> 2025-11-22T17:00:01
[2025-11-22 17:00:03] Succes: data opgeslagen in /home/hogent/linux-2526-Gil-De-Mets/data-workflow/raw/price/pricedata-20251122-170001.json
[2025-11-22 18:00:01] Start data download
Periode: 2025-11-22T17:00:01 -> 2025-11-22T18:00:01
[2025-11-22 18:00:02] Succes: data opgeslagen in /home/hogent/linux-2526-Gil-De-Mets/data-workflow/raw/price/pricedata-20251122-180001.json
[2025-11-22 19:00:01] Start data download
Periode: 2025-11-22T18:00:01 -> 2025-11-22T19:00:01
[2025-11-22 19:00:04] Succes: data opgeslagen in /home/hogent/linux-2526-Gil-De-Mets/data-workflow/raw/price/pricedata-20251122-190001.json
[2025-11-22 20:00:01] Start data download
Periode: 2025-11-22T19:00:01 -> 2025-11-22T20:00:01
[2025-11-22 20:00:05] Succes: data opgeslagen in /home/hogent/linux-2526-Gil-De-Mets/data-workflow/raw/price/pricedata-20251122-200001.json
[2025-11-22 21:00:01] Start data download
Periode: 2025-11-22T20:00:01 -> 2025-11-22T21:00:01
[2025-11-22 21:00:04] Succes: data opgeslagen in /home/hogent/linux-2526-Gil-De-Mets/data-workflow/raw/price/pricedata-20251122-210001.json
[2025-11-22 22:00:02] Start data download
Periode: 2025-11-22T21:00:02 -> 2025-11-22T22:00:02
[2025-11-22 22:00:04] Succes: data opgeslagen in /home/hogent/linux-2526-Gil-De-Mets/data-workflow/raw/price/pricedata-20251122-220002.json
[2025-11-22 23:00:01] Start data download
Periode: 2025-11-22T22:00:01 -> 2025-11-22T23:00:01
[2025-11-22 23:00:04] Succes: data opgeslagen in /home/hogent/linux-2526-Gil-De-Mets/data-workflow/raw/price/pricedata-20251122-230001.json
[2025-11-23 00:00:01] Start data download
Periode: 2025-11-22T23:00:01 -> 2025-11-23T00:00:01
[2025-11-23 00:00:03] Succes: data opgeslagen in /home/hogent/linux-2526-Gil-De-Mets/data-workflow/raw/price/pricedata-20251123-000001.json
[2025-11-23 01:00:01] Start data download
Periode: 2025-11-23T00:00:01 -> 2025-11-23T01:00:01
[2025-11-23 01:00:02] Succes: data opgeslagen in /home/hogent/linux-2526-Gil-De-Mets/data-workflow/raw/price/pricedata-20251123-010001.json
[2025-11-23 02:00:01] Start data download
Periode: 2025-11-23T01:00:01 -> 2025-11-23T02:00:01
[2025-11-23 02:00:02] Succes: data opgeslagen in /home/hogent/linux-2526-Gil-De-Mets/data-workflow/raw/price/pricedata-20251123-020001.json
[2025-11-23 03:00:01] Start data download
Periode: 2025-11-23T02:00:01 -> 2025-11-23T03:00:01
[2025-11-23 03:00:03] Succes: data opgeslagen in /home/hogent/linux-2526-Gil-De-Mets/data-workflow/raw/price/pricedata-20251123-030001.json
[2025-11-23 04:00:01] Start data download
Periode: 2025-11-23T03:00:01 -> 2025-11-23T04:00:01
[2025-11-23 04:00:04] Succes: data opgeslagen in /home/hogent/linux-2526-Gil-De-Mets/data-workflow/raw/price/pricedata-20251123-040001.json
[2025-11-23 05:00:01] Start data download
Periode: 2025-11-23T04:00:01 -> 2025-11-23T05:00:01
[2025-11-23 05:00:04] Succes: data opgeslagen in /home/hogent/linux-2526-Gil-De-Mets/data-workflow/raw/price/pricedata-20251123-050001.json
[2025-11-23 06:00:01] Start data download
Periode: 2025-11-23T05:00:01 -> 2025-11-23T06:00:01
[2025-11-23 06:00:03] Succes: data opgeslagen in /home/hogent/linux-2526-Gil-De-Mets/data-workflow/raw/price/pricedata-20251123-060001.json
[2025-11-23 07:00:01] Start data download
Periode: 2025-11-23T06:00:01 -> 2025-11-23T07:00:01
[2025-11-23 07:00:03] Succes: data opgeslagen in /home/hogent/linux-2526-Gil-De-Mets/data-workflow/raw/price/pricedata-20251123-070001.json
[2025-11-23 08:00:01] Start data download
Periode: 2025-11-23T07:00:01 -> 2025-11-23T08:00:01
[2025-11-23 08:00:03] Succes: data opgeslagen in /home/hogent/linux-2526-Gil-De-Mets/data-workflow/raw/price/pricedata-20251123-080001.json
[2025-11-23 09:00:01] Start data download
Periode: 2025-11-23T08:00:01 -> 2025-11-23T09:00:01
[2025-11-23 09:00:03] Succes: data opgeslagen in /home/hogent/linux-2526-Gil-De-Mets/data-workflow/raw/price/pricedata-20251123-090001.json
[2025-11-23 10:00:01] Start data download
Periode: 2025-11-23T09:00:01 -> 2025-11-23T10:00:01
[2025-11-23 10:00:02] Succes: data opgeslagen in /home/hogent/linux-2526-Gil-De-Mets/data-workflow/raw/price/pricedata-20251123-100001.json
[2025-11-23 11:00:01] Start data download
Periode: 2025-11-23T10:00:01 -> 2025-11-23T11:00:01
[2025-11-23 11:00:03] Succes: data opgeslagen in /home/hogent/linux-2526-Gil-De-Mets/data-workflow/raw/price/pricedata-20251123-110001.json
[2025-11-23 12:00:01] Start data download
Periode: 2025-11-23T11:00:01 -> 2025-11-23T12:00:01
[2025-11-23 12:00:03] Succes: data opgeslagen in /home/hogent/linux-2526-Gil-De-Mets/data-workflow/raw/price/pricedata-20251123-120001.json
[2025-11-23 13:00:01] Start data download
Periode: 2025-11-23T12:00:01 -> 2025-11-23T13:00:01
[2025-11-23 13:00:03] Succes: data opgeslagen in /home/hogent/linux-2526-Gil-De-Mets/data-workflow/raw/price/pricedata-20251123-130001.json
[2025-11-23 14:00:01] Start data download
Periode: 2025-11-23T13:00:01 -> 2025-11-23T14:00:01
[2025-11-23 14:00:03] Succes: data opgeslagen in /home/hogent/linux-2526-Gil-De-Mets/data-workflow/raw/price/pricedata-20251123-140001.json
[2025-11-23 15:00:01] Start data download
Periode: 2025-11-23T14:00:01 -> 2025-11-23T15:00:01
[2025-11-23 15:00:02] Succes: data opgeslagen in /home/hogent/linux-2526-Gil-De-Mets/data-workflow/raw/price/pricedata-20251123-150001.json
[2025-11-23 16:00:01] Start data download
Periode: 2025-11-23T15:00:01 -> 2025-11-23T16:00:01
[2025-11-23 16:00:03] Succes: data opgeslagen in /home/hogent/linux-2526-Gil-De-Mets/data-workflow/raw/price/pricedata-20251123-160001.json
[2025-11-23 17:00:01] Start data download
Periode: 2025-11-23T16:00:01 -> 2025-11-23T17:00:01
[2025-11-23 17:00:02] Succes: data opgeslagen in /home/hogent/linux-2526-Gil-De-Mets/data-workflow/raw/price/pricedata-20251123-170001.json
[2025-11-23 18:00:01] Start data download
Periode: 2025-11-23T17:00:01 -> 2025-11-23T18:00:01
[2025-11-23 18:00:03] Succes: data opgeslagen in /home/hogent/linux-2526-Gil-De-Mets/data-workflow/raw/price/pricedata-20251123-180001.json
[2025-11-23 19:00:02] Start data download
Periode: 2025-11-23T18:00:02 -> 2025-11-23T19:00:02
[2025-11-23 19:00:04] Succes: data opgeslagen in /home/hogent/linux-2526-Gil-De-Mets/data-workflow/raw/price/pricedata-20251123-190002.json
[2025-11-23 20:00:01] Start data download
Periode: 2025-11-23T19:00:01 -> 2025-11-23T20:00:01
[2025-11-23 20:00:01] Succes: data opgeslagen in /home/hogent/linux-2526-Gil-De-Mets/data-workflow/raw/price/pricedata-20251123-200001.json
[2025-11-23 21:00:01] Start data download
Periode: 2025-11-23T20:00:01 -> 2025-11-23T21:00:01
[2025-11-23 21:00:02] Succes: data opgeslagen in /home/hogent/linux-2526-Gil-De-Mets/data-workflow/raw/price/pricedata-20251123-210001.json
[2025-11-23 22:00:01] Start data download
Periode: 2025-11-23T21:00:01 -> 2025-11-23T22:00:01
[2025-11-23 22:00:03] Succes: data opgeslagen in /home/hogent/linux-2526-Gil-De-Mets/data-workflow/raw/price/pricedata-20251123-220001.json
[2025-11-23 23:00:01] Start data download
Periode: 2025-11-23T22:00:01 -> 2025-11-23T23:00:01
[2025-11-23 23:00:03] Succes: data opgeslagen in /home/hogent/linux-2526-Gil-De-Mets/data-workflow/raw/price/pricedata-20251123-230001.json
[2025-11-24 00:00:01] Start data download
Periode: 2025-11-23T23:00:01 -> 2025-11-24T00:00:01
[2025-11-24 00:00:03] Succes: data opgeslagen in /home/hogent/linux-2526-Gil-De-Mets/data-workflow/raw/price/pricedata-20251124-000001.json
[2025-11-24 01:00:01] Start data download
Periode: 2025-11-24T00:00:01 -> 2025-11-24T01:00:01
[2025-11-24 01:00:03] Succes: data opgeslagen in /home/hogent/linux-2526-Gil-De-Mets/data-workflow/raw/price/pricedata-20251124-010001.json
[2025-11-24 02:00:01] Start data download
Periode: 2025-11-24T01:00:01 -> 2025-11-24T02:00:01
[2025-11-24 02:00:02] Succes: data opgeslagen in /home/hogent/linux-2526-Gil-De-Mets/data-workflow/raw/price/pricedata-20251124-020001.json
[2025-11-24 03:00:02] Start data download
Periode: 2025-11-24T02:00:02 -> 2025-11-24T03:00:02
[2025-11-24 03:00:04] Succes: data opgeslagen in /home/hogent/linux-2526-Gil-De-Mets/data-workflow/raw/price/pricedata-20251124-030002.json
[2025-11-24 04:00:01] Start data download
Periode: 2025-11-24T03:00:01 -> 2025-11-24T04:00:01
[2025-11-24 04:00:03] Succes: data opgeslagen in /home/hogent/linux-2526-Gil-De-Mets/data-workflow/raw/price/pricedata-20251124-040001.json
[2025-11-24 05:00:01] Start data download
Periode: 2025-11-24T04:00:01 -> 2025-11-24T05:00:01
[2025-11-24 05:00:03] Succes: data opgeslagen in /home/hogent/linux-2526-Gil-De-Mets/data-workflow/raw/price/pricedata-20251124-050001.json
[2025-11-24 08:00:01] Start data download
Periode: 2025-11-24T07:00:01 -> 2025-11-24T08:00:01
[2025-11-24 08:00:04] Succes: data opgeslagen in /home/hogent/linux-2526-Gil-De-Mets/data-workflow/raw/price/pricedata-20251124-080001.json
[2025-11-24 09:00:01] Start data download
Periode: 2025-11-24T08:00:01 -> 2025-11-24T09:00:01
[2025-11-24 09:00:04] Succes: data opgeslagen in /home/hogent/linux-2526-Gil-De-Mets/data-workflow/raw/price/pricedata-20251124-090001.json
[2025-11-24 10:00:01] Start data download
Periode: 2025-11-24T09:00:01 -> 2025-11-24T10:00:01
[2025-11-24 10:00:04] Succes: data opgeslagen in /home/hogent/linux-2526-Gil-De-Mets/data-workflow/raw/price/pricedata-20251124-100001.json
[2025-11-24 11:00:01] Start data download
Periode: 2025-11-24T10:00:01 -> 2025-11-24T11:00:01
[2025-11-24 11:00:03] Succes: data opgeslagen in /home/hogent/linux-2526-Gil-De-Mets/data-workflow/raw/price/pricedata-20251124-110001.json
[2025-11-24 13:00:01] Start data download
Periode: 2025-11-24T12:00:01 -> 2025-11-24T13:00:01
[2025-11-24 13:00:03] Succes: data opgeslagen in /home/hogent/linux-2526-Gil-De-Mets/data-workflow/raw/price/pricedata-20251124-130001.json
[2025-11-24 14:00:01] Start data download
Periode: 2025-11-24T13:00:01 -> 2025-11-24T14:00:01
[2025-11-24 14:00:03] Succes: data opgeslagen in /home/hogent/linux-2526-Gil-De-Mets/data-workflow/raw/price/pricedata-20251124-140001.json
[2025-11-24 15:00:01] Start data download
Periode: 2025-11-24T14:00:01 -> 2025-11-24T15:00:01
[2025-11-24 15:00:03] Succes: data opgeslagen in /home/hogent/linux-2526-Gil-De-Mets/data-workflow/raw/price/pricedata-20251124-150001.json
[2025-11-24 16:00:01] Start data download
Periode: 2025-11-24T15:00:01 -> 2025-11-24T16:00:01
[2025-11-24 16:00:03] Succes: data opgeslagen in /home/hogent/linux-2526-Gil-De-Mets/data-workflow/raw/price/pricedata-20251124-160001.json
[2025-11-24 17:00:01] Start data download
Periode: 2025-11-24T16:00:01 -> 2025-11-24T17:00:01
[2025-11-24 17:00:03] Succes: data opgeslagen in /home/hogent/linux-2526-Gil-De-Mets/data-workflow/raw/price/pricedata-20251124-170001.json
[2025-11-24 18:00:01] Start data download
Periode: 2025-11-24T17:00:01 -> 2025-11-24T18:00:01
[2025-11-24 18:00:06] Succes: data opgeslagen in /home/hogent/linux-2526-Gil-De-Mets/data-workflow/raw/price/pricedata-20251124-180001.json
[2025-11-24 19:00:01] Start data download
Periode: 2025-11-24T18:00:01 -> 2025-11-24T19:00:01
[2025-11-24 19:00:05] Succes: data opgeslagen in /home/hogent/linux-2526-Gil-De-Mets/data-workflow/raw/price/pricedata-20251124-190001.json
[2025-11-24 20:00:01] Start data download
Periode: 2025-11-24T19:00:01 -> 2025-11-24T20:00:01
[2025-11-24 20:00:03] Succes: data opgeslagen in /home/hogent/linux-2526-Gil-De-Mets/data-workflow/raw/price/pricedata-20251124-200001.json
[2025-11-24 21:00:01] Start data download
Periode: 2025-11-24T20:00:01 -> 2025-11-24T21:00:01
[2025-11-24 21:00:03] Succes: data opgeslagen in /home/hogent/linux-2526-Gil-De-Mets/data-workflow/raw/price/pricedata-20251124-210001.json
[2025-11-24 22:00:01] Start data download
Periode: 2025-11-24T21:00:01 -> 2025-11-24T22:00:01
[2025-11-24 22:00:02] Succes: data opgeslagen in /home/hogent/linux-2526-Gil-De-Mets/data-workflow/raw/price/pricedata-20251124-220001.json
[2025-11-24 23:00:01] Start data download
Periode: 2025-11-24T22:00:01 -> 2025-11-24T23:00:01
[2025-11-24 23:00:04] Succes: data opgeslagen in /home/hogent/linux-2526-Gil-De-Mets/data-workflow/raw/price/pricedata-20251124-230001.json
[2025-11-25 00:00:01] Start data download
Periode: 2025-11-24T23:00:01 -> 2025-11-25T00:00:01
[2025-11-25 00:00:03] Succes: data opgeslagen in /home/hogent/linux-2526-Gil-De-Mets/data-workflow/raw/price/pricedata-20251125-000001.json
[2025-11-25 01:00:01] Start data download
Periode: 2025-11-25T00:00:01 -> 2025-11-25T01:00:01
[2025-11-25 01:00:03] Succes: data opgeslagen in /home/hogent/linux-2526-Gil-De-Mets/data-workflow/raw/price/pricedata-20251125-010001.json
[2025-11-25 02:00:01] Start data download
Periode: 2025-11-25T01:00:01 -> 2025-11-25T02:00:01
[2025-11-25 02:00:03] Succes: data opgeslagen in /home/hogent/linux-2526-Gil-De-Mets/data-workflow/raw/price/pricedata-20251125-020001.json
[2025-11-25 03:00:02] Start data download
Periode: 2025-11-25T02:00:02 -> 2025-11-25T03:00:02
[2025-11-25 03:00:04] Succes: data opgeslagen in /home/hogent/linux-2526-Gil-De-Mets/data-workflow/raw/price/pricedata-20251125-030002.json
[2025-11-25 04:00:01] Start data download
Periode: 2025-11-25T03:00:01 -> 2025-11-25T04:00:01
[2025-11-25 04:00:03] Succes: data opgeslagen in /home/hogent/linux-2526-Gil-De-Mets/data-workflow/raw/price/pricedata-20251125-040001.json
[2025-11-25 05:00:01] Start data download
Periode: 2025-11-25T04:00:01 -> 2025-11-25T05:00:01
[2025-11-25 05:00:03] Succes: data opgeslagen in /home/hogent/linux-2526-Gil-De-Mets/data-workflow/raw/price/pricedata-20251125-050001.json
[2025-11-25 08:00:01] Start data download
Periode: 2025-11-25T07:00:01 -> 2025-11-25T08:00:01
[2025-11-25 08:00:04] Succes: data opgeslagen in /home/hogent/linux-2526-Gil-De-Mets/data-workflow/raw/price/pricedata-20251125-080001.json
[2025-11-25 09:00:01] Start data download
Periode: 2025-11-25T08:00:01 -> 2025-11-25T09:00:01
[2025-11-25 09:00:03] Succes: data opgeslagen in /home/hogent/linux-2526-Gil-De-Mets/data-workflow/raw/price/pricedata-20251125-090001.json
[2025-11-25 13:00:01] Start data download
Periode: 2025-11-25T12:00:01 -> 2025-11-25T13:00:01
curl: (6) Could not resolve host: opendata.elia.be
[2025-11-25 13:00:33] Fout: download mislukt
[2025-11-25 14:00:01] Start data download
Periode: 2025-11-25T13:00:01 -> 2025-11-25T14:00:01
curl: (6) Could not resolve host: opendata.elia.be
[2025-11-25 14:00:33] Fout: download mislukt
[2025-11-25 15:00:01] Start data download
Periode: 2025-11-25T14:00:01 -> 2025-11-25T15:00:01
curl: (6) Could not resolve host: opendata.elia.be
[2025-11-25 15:00:33] Fout: download mislukt
[2025-11-25 18:00:02] Start data download
Periode: 2025-11-25T17:00:02 -> 2025-11-25T18:00:02
[2025-11-25 18:00:04] Succes: data opgeslagen in /home/hogent/linux-2526-Gil-De-Mets/data-workflow/raw/price/pricedata-20251125-180002.json
[2025-11-25 19:00:01] Start data download
Periode: 2025-11-25T18:00:01 -> 2025-11-25T19:00:01
[2025-11-25 19:00:03] Succes: data opgeslagen in /home/hogent/linux-2526-Gil-De-Mets/data-workflow/raw/price/pricedata-20251125-190001.json
[2025-11-25 20:00:01] Start data download
Periode: 2025-11-25T19:00:01 -> 2025-11-25T20:00:01
[2025-11-25 20:00:02] Succes: data opgeslagen in /home/hogent/linux-2526-Gil-De-Mets/data-workflow/raw/price/pricedata-20251125-200001.json
[2025-11-25 21:00:01] Start data download
Periode: 2025-11-25T20:00:01 -> 2025-11-25T21:00:01
[2025-11-25 21:00:05] Succes: data opgeslagen in /home/hogent/linux-2526-Gil-De-Mets/data-workflow/raw/price/pricedata-20251125-210001.json
[2025-11-25 22:00:01] Start data download
Periode: 2025-11-25T21:00:01 -> 2025-11-25T22:00:01
[2025-11-25 22:00:03] Succes: data opgeslagen in /home/hogent/linux-2526-Gil-De-Mets/data-workflow/raw/price/pricedata-20251125-220001.json
[2025-11-25 23:00:01] Start data download
Periode: 2025-11-25T22:00:01 -> 2025-11-25T23:00:01
[2025-11-25 23:00:04] Succes: data opgeslagen in /home/hogent/linux-2526-Gil-De-Mets/data-workflow/raw/price/pricedata-20251125-230001.json
[2025-11-26 00:00:01] Start data download
Periode: 2025-11-25T23:00:01 -> 2025-11-26T00:00:01
[2025-11-26 00:00:02] Succes: data opgeslagen in /home/hogent/linux-2526-Gil-De-Mets/data-workflow/raw/price/pricedata-20251126-000001.json
[2025-11-26 01:00:01] Start data download
Periode: 2025-11-26T00:00:01 -> 2025-11-26T01:00:01
[2025-11-26 01:00:04] Succes: data opgeslagen in /home/hogent/linux-2526-Gil-De-Mets/data-workflow/raw/price/pricedata-20251126-010001.json
[2025-11-26 02:00:01] Start data download
Periode: 2025-11-26T01:00:01 -> 2025-11-26T02:00:01
[2025-11-26 02:00:02] Succes: data opgeslagen in /home/hogent/linux-2526-Gil-De-Mets/data-workflow/raw/price/pricedata-20251126-020001.json
[2025-11-26 03:00:01] Start data download
Periode: 2025-11-26T02:00:01 -> 2025-11-26T03:00:01
[2025-11-26 03:00:05] Succes: data opgeslagen in /home/hogent/linux-2526-Gil-De-Mets/data-workflow/raw/price/pricedata-20251126-030001.json
[2025-11-26 04:00:01] Start data download
Periode: 2025-11-26T03:00:01 -> 2025-11-26T04:00:01
[2025-11-26 04:00:03] Succes: data opgeslagen in /home/hogent/linux-2526-Gil-De-Mets/data-workflow/raw/price/pricedata-20251126-040001.json
[2025-11-26 05:00:01] Start data download
Periode: 2025-11-26T04:00:01 -> 2025-11-26T05:00:01
[2025-11-26 05:00:03] Succes: data opgeslagen in /home/hogent/linux-2526-Gil-De-Mets/data-workflow/raw/price/pricedata-20251126-050001.json
[2025-11-26 08:00:01] Start data download
Periode: 2025-11-26T07:00:01 -> 2025-11-26T08:00:01
[2025-11-26 08:00:04] Succes: data opgeslagen in /home/hogent/linux-2526-Gil-De-Mets/data-workflow/raw/price/pricedata-20251126-080001.json
[2025-11-26 09:00:01] Start data download
Periode: 2025-11-26T08:00:01 -> 2025-11-26T09:00:01
[2025-11-26 09:00:04] Succes: data opgeslagen in /home/hogent/linux-2526-Gil-De-Mets/data-workflow/raw/price/pricedata-20251126-090001.json
[2025-11-26 10:00:01] Start data download
Periode: 2025-11-26T09:00:01 -> 2025-11-26T10:00:01
[2025-11-26 10:00:04] Succes: data opgeslagen in /home/hogent/linux-2526-Gil-De-Mets/data-workflow/raw/price/pricedata-20251126-100001.json
[2025-11-26 15:00:01] Start data download
Periode: 2025-11-26T14:00:01 -> 2025-11-26T15:00:01
[2025-11-26 15:00:03] Succes: data opgeslagen in /home/hogent/linux-2526-Gil-De-Mets/data-workflow/raw/price/pricedata-20251126-150001.json
[2025-11-26 16:00:01] Start data download
Periode: 2025-11-26T15:00:01 -> 2025-11-26T16:00:01
[2025-11-26 16:00:04] Succes: data opgeslagen in /home/hogent/linux-2526-Gil-De-Mets/data-workflow/raw/price/pricedata-20251126-160001.json
[2025-11-26 17:00:01] Start data download
Periode: 2025-11-26T16:00:01 -> 2025-11-26T17:00:01
[2025-11-26 17:00:03] Succes: data opgeslagen in /home/hogent/linux-2526-Gil-De-Mets/data-workflow/raw/price/pricedata-20251126-170001.json
[2025-11-26 18:00:01] Start data download
Periode: 2025-11-26T17:00:01 -> 2025-11-26T18:00:01
[2025-11-26 18:00:03] Succes: data opgeslagen in /home/hogent/linux-2526-Gil-De-Mets/data-workflow/raw/price/pricedata-20251126-180001.json
[2025-11-26 19:00:01] Start data download
Periode: 2025-11-26T18:00:01 -> 2025-11-26T19:00:01
[2025-11-26 19:00:04] Succes: data opgeslagen in /home/hogent/linux-2526-Gil-De-Mets/data-workflow/raw/price/pricedata-20251126-190001.json
[2025-11-26 20:00:01] Start data download
Periode: 2025-11-26T19:00:01 -> 2025-11-26T20:00:01
[2025-11-26 20:00:02] Succes: data opgeslagen in /home/hogent/linux-2526-Gil-De-Mets/data-workflow/raw/price/pricedata-20251126-200001.json
[2025-11-26 21:00:01] Start data download
Periode: 2025-11-26T20:00:01 -> 2025-11-26T21:00:01
[2025-11-26 21:00:03] Succes: data opgeslagen in /home/hogent/linux-2526-Gil-De-Mets/data-workflow/raw/price/pricedata-20251126-210001.json
[2025-11-26 22:00:02] Start data download
Periode: 2025-11-26T21:00:02 -> 2025-11-26T22:00:02
[2025-11-26 22:00:04] Succes: data opgeslagen in /home/hogent/linux-2526-Gil-De-Mets/data-workflow/raw/price/pricedata-20251126-220002.json
[2025-11-26 23:00:01] Start data download
Periode: 2025-11-26T22:00:01 -> 2025-11-26T23:00:01
[2025-11-26 23:00:03] Succes: data opgeslagen in /home/hogent/linux-2526-Gil-De-Mets/data-workflow/raw/price/pricedata-20251126-230001.json
[2025-11-27 00:00:01] Start data download
Periode: 2025-11-26T23:00:01 -> 2025-11-27T00:00:01
[2025-11-27 00:00:03] Succes: data opgeslagen in /home/hogent/linux-2526-Gil-De-Mets/data-workflow/raw/price/pricedata-20251127-000001.json
[2025-11-27 01:00:01] Start data download
Periode: 2025-11-27T00:00:01 -> 2025-11-27T01:00:01
[2025-11-27 01:00:03] Succes: data opgeslagen in /home/hogent/linux-2526-Gil-De-Mets/data-workflow/raw/price/pricedata-20251127-010001.json
[2025-11-27 02:00:02] Start data download
Periode: 2025-11-27T01:00:02 -> 2025-11-27T02:00:02
[2025-11-27 02:00:04] Succes: data opgeslagen in /home/hogent/linux-2526-Gil-De-Mets/data-workflow/raw/price/pricedata-20251127-020002.json
[2025-11-27 03:00:01] Start data download
Periode: 2025-11-27T02:00:01 -> 2025-11-27T03:00:01
[2025-11-27 03:00:05] Succes: data opgeslagen in /home/hogent/linux-2526-Gil-De-Mets/data-workflow/raw/price/pricedata-20251127-030001.json
[2025-11-27 04:00:01] Start data download
Periode: 2025-11-27T03:00:01 -> 2025-11-27T04:00:01
[2025-11-27 04:00:03] Succes: data opgeslagen in /home/hogent/linux-2526-Gil-De-Mets/data-workflow/raw/price/pricedata-20251127-040001.json
[2025-11-27 05:00:01] Start data download
Periode: 2025-11-27T04:00:01 -> 2025-11-27T05:00:01
[2025-11-27 05:00:04] Succes: data opgeslagen in /home/hogent/linux-2526-Gil-De-Mets/data-workflow/raw/price/pricedata-20251127-050001.json
[2025-11-27 06:00:01] Start data download
Periode: 2025-11-27T05:00:01 -> 2025-11-27T06:00:01
[2025-11-27 06:00:03] Succes: data opgeslagen in /home/hogent/linux-2526-Gil-De-Mets/data-workflow/raw/price/pricedata-20251127-060001.json
[2025-11-27 08:00:01] Start data download
Periode: 2025-11-27T07:00:01 -> 2025-11-27T08:00:01
[2025-11-27 08:00:03] Succes: data opgeslagen in /home/hogent/linux-2526-Gil-De-Mets/data-workflow/raw/price/pricedata-20251127-080001.json
[2025-11-27 09:00:01] Start data download
Periode: 2025-11-27T08:00:01 -> 2025-11-27T09:00:01
[2025-11-27 09:00:03] Succes: data opgeslagen in /home/hogent/linux-2526-Gil-De-Mets/data-workflow/raw/price/pricedata-20251127-090001.json
[2025-11-27 10:00:01] Start data download
Periode: 2025-11-27T09:00:01 -> 2025-11-27T10:00:01
[2025-11-27 10:00:05] Succes: data opgeslagen in /home/hogent/linux-2526-Gil-De-Mets/data-workflow/raw/price/pricedata-20251127-100001.json
[2025-11-27 11:00:01] Start data download
Periode: 2025-11-27T10:00:01 -> 2025-11-27T11:00:01
[2025-11-27 11:00:04] Succes: data opgeslagen in /home/hogent/linux-2526-Gil-De-Mets/data-workflow/raw/price/pricedata-20251127-110001.json
[2025-11-27 13:00:02] Start data download
Periode: 2025-11-27T12:00:02 -> 2025-11-27T13:00:02
[2025-11-27 13:00:04] Succes: data opgeslagen in /home/hogent/linux-2526-Gil-De-Mets/data-workflow/raw/price/pricedata-20251127-130002.json
[2025-11-27 14:00:01] Start data download
Periode: 2025-11-27T13:00:01 -> 2025-11-27T14:00:01
[2025-11-27 14:00:04] Succes: data opgeslagen in /home/hogent/linux-2526-Gil-De-Mets/data-workflow/raw/price/pricedata-20251127-140001.json
[2025-11-27 15:00:01] Start data download
Periode: 2025-11-27T14:00:01 -> 2025-11-27T15:00:01
[2025-11-27 15:00:04] Succes: data opgeslagen in /home/hogent/linux-2526-Gil-De-Mets/data-workflow/raw/price/pricedata-20251127-150001.json
[2025-11-27 16:00:01] Start data download
Periode: 2025-11-27T15:00:01 -> 2025-11-27T16:00:01
[2025-11-27 16:00:04] Succes: data opgeslagen in /home/hogent/linux-2526-Gil-De-Mets/data-workflow/raw/price/pricedata-20251127-160001.json
[2025-11-28 10:00:01] Start data download
Periode: 2025-11-28T09:00:01 -> 2025-11-28T10:00:01
[2025-11-28 10:00:04] Succes: data opgeslagen in /home/hogent/linux-2526-Gil-De-Mets/data-workflow/raw/price/pricedata-20251128-100001.json
[2025-11-28 11:00:02] Start data download
Periode: 2025-11-28T10:00:02 -> 2025-11-28T11:00:02
[2025-11-28 11:00:05] Succes: data opgeslagen in /home/hogent/linux-2526-Gil-De-Mets/data-workflow/raw/price/pricedata-20251128-110002.json
[2025-11-28 13:00:01] Start data download
Periode: 2025-11-28T12:00:01 -> 2025-11-28T13:00:01
[2025-11-28 13:00:05] Succes: data opgeslagen in /home/hogent/linux-2526-Gil-De-Mets/data-workflow/raw/price/pricedata-20251128-130001.json
[2025-11-28 14:00:01] Start data download
Periode: 2025-11-28T13:00:01 -> 2025-11-28T14:00:01
[2025-11-28 14:00:04] Succes: data opgeslagen in /home/hogent/linux-2526-Gil-De-Mets/data-workflow/raw/price/pricedata-20251128-140001.json
[2025-11-28 15:00:01] Start data download
Periode: 2025-11-28T14:00:01 -> 2025-11-28T15:00:01
[2025-11-28 15:00:05] Succes: data opgeslagen in /home/hogent/linux-2526-Gil-De-Mets/data-workflow/raw/price/pricedata-20251128-150001.json
[2025-11-28 17:00:01] Start data download
Periode: 2025-11-28T16:00:01 -> 2025-11-28T17:00:01
[2025-11-28 17:00:04] Succes: data opgeslagen in /home/hogent/linux-2526-Gil-De-Mets/data-workflow/raw/price/pricedata-20251128-170001.json
[2025-11-28 18:00:01] Start data download
Periode: 2025-11-28T17:00:01 -> 2025-11-28T18:00:01
[2025-11-28 18:00:02] Succes: data opgeslagen in /home/hogent/linux-2526-Gil-De-Mets/data-workflow/raw/price/pricedata-20251128-180001.json
[2025-11-28 19:00:01] Start data download
Periode: 2025-11-28T18:00:01 -> 2025-11-28T19:00:01
[2025-11-28 19:00:03] Succes: data opgeslagen in /home/hogent/linux-2526-Gil-De-Mets/data-workflow/raw/price/pricedata-20251128-190001.json
[2025-11-28 20:00:01] Start data download
Periode: 2025-11-28T19:00:01 -> 2025-11-28T20:00:01
[2025-11-28 20:00:02] Succes: data opgeslagen in /home/hogent/linux-2526-Gil-De-Mets/data-workflow/raw/price/pricedata-20251128-200001.json
[2025-11-28 21:00:01] Start data download
Periode: 2025-11-28T20:00:01 -> 2025-11-28T21:00:01
[2025-11-28 21:00:02] Succes: data opgeslagen in /home/hogent/linux-2526-Gil-De-Mets/data-workflow/raw/price/pricedata-20251128-210001.json
[2025-11-28 22:00:01] Start data download
Periode: 2025-11-28T21:00:01 -> 2025-11-28T22:00:01
[2025-11-28 22:00:03] Succes: data opgeslagen in /home/hogent/linux-2526-Gil-De-Mets/data-workflow/raw/price/pricedata-20251128-220001.json
[2025-11-28 23:00:01] Start data download
Periode: 2025-11-28T22:00:01 -> 2025-11-28T23:00:01
[2025-11-28 23:00:03] Succes: data opgeslagen in /home/hogent/linux-2526-Gil-De-Mets/data-workflow/raw/price/pricedata-20251128-230001.json
[2025-11-29 00:00:01] Start data download
Periode: 2025-11-28T23:00:01 -> 2025-11-29T00:00:01
[2025-11-29 00:00:03] Succes: data opgeslagen in /home/hogent/linux-2526-Gil-De-Mets/data-workflow/raw/price/pricedata-20251129-000001.json
[2025-11-29 01:00:01] Start data download
Periode: 2025-11-29T00:00:01 -> 2025-11-29T01:00:01
[2025-11-29 01:00:03] Succes: data opgeslagen in /home/hogent/linux-2526-Gil-De-Mets/data-workflow/raw/price/pricedata-20251129-010001.json
[2025-11-29 02:00:01] Start data download
Periode: 2025-11-29T01:00:01 -> 2025-11-29T02:00:01
[2025-11-29 02:00:04] Succes: data opgeslagen in /home/hogent/linux-2526-Gil-De-Mets/data-workflow/raw/price/pricedata-20251129-020001.json
[2025-11-29 03:00:01] Start data download
Periode: 2025-11-29T02:00:01 -> 2025-11-29T03:00:01
[2025-11-29 03:00:03] Succes: data opgeslagen in /home/hogent/linux-2526-Gil-De-Mets/data-workflow/raw/price/pricedata-20251129-030001.json
[2025-11-29 04:00:01] Start data download
Periode: 2025-11-29T03:00:01 -> 2025-11-29T04:00:01
[2025-11-29 04:00:02] Succes: data opgeslagen in /home/hogent/linux-2526-Gil-De-Mets/data-workflow/raw/price/pricedata-20251129-040001.json
[2025-11-29 05:00:01] Start data download
Periode: 2025-11-29T04:00:01 -> 2025-11-29T05:00:01
[2025-11-29 05:00:04] Succes: data opgeslagen in /home/hogent/linux-2526-Gil-De-Mets/data-workflow/raw/price/pricedata-20251129-050001.json
[2025-11-29 06:00:01] Start data download
Periode: 2025-11-29T05:00:01 -> 2025-11-29T06:00:01
[2025-11-29 06:00:03] Succes: data opgeslagen in /home/hogent/linux-2526-Gil-De-Mets/data-workflow/raw/price/pricedata-20251129-060001.json
[2025-11-29 07:00:01] Start data download
Periode: 2025-11-29T06:00:01 -> 2025-11-29T07:00:01
[2025-11-29 07:00:03] Succes: data opgeslagen in /home/hogent/linux-2526-Gil-De-Mets/data-workflow/raw/price/pricedata-20251129-070001.json
[2025-11-29 08:00:01] Start data download
Periode: 2025-11-29T07:00:01 -> 2025-11-29T08:00:01
[2025-11-29 08:00:03] Succes: data opgeslagen in /home/hogent/linux-2526-Gil-De-Mets/data-workflow/raw/price/pricedata-20251129-080001.json
[2025-11-29 09:00:01] Start data download
Periode: 2025-11-29T08:00:01 -> 2025-11-29T09:00:01
[2025-11-29 09:00:03] Succes: data opgeslagen in /home/hogent/linux-2526-Gil-De-Mets/data-workflow/raw/price/pricedata-20251129-090001.json
[2025-11-29 10:00:01] Start data download
Periode: 2025-11-29T09:00:01 -> 2025-11-29T10:00:01
[2025-11-29 10:00:04] Succes: data opgeslagen in /home/hogent/linux-2526-Gil-De-Mets/data-workflow/raw/price/pricedata-20251129-100001.json
[2025-11-29 11:00:01] Start data download
Periode: 2025-11-29T10:00:01 -> 2025-11-29T11:00:01
[2025-11-29 11:00:03] Succes: data opgeslagen in /home/hogent/linux-2526-Gil-De-Mets/data-workflow/raw/price/pricedata-20251129-110001.json
[2025-11-29 12:00:01] Start data download
Periode: 2025-11-29T11:00:01 -> 2025-11-29T12:00:01
[2025-11-29 12:00:03] Succes: data opgeslagen in /home/hogent/linux-2526-Gil-De-Mets/data-workflow/raw/price/pricedata-20251129-120001.json
[2025-11-29 13:00:01] Start data download
Periode: 2025-11-29T12:00:01 -> 2025-11-29T13:00:01
[2025-11-29 13:00:03] Succes: data opgeslagen in /home/hogent/linux-2526-Gil-De-Mets/data-workflow/raw/price/pricedata-20251129-130001.json
[2025-11-29 14:00:01] Start data download
Periode: 2025-11-29T13:00:01 -> 2025-11-29T14:00:01
[2025-11-29 14:00:03] Succes: data opgeslagen in /home/hogent/linux-2526-Gil-De-Mets/data-workflow/raw/price/pricedata-20251129-140001.json
[2025-11-29 15:00:01] Start data download
Periode: 2025-11-29T14:00:01 -> 2025-11-29T15:00:01
[2025-11-29 15:00:02] Succes: data opgeslagen in /home/hogent/linux-2526-Gil-De-Mets/data-workflow/raw/price/pricedata-20251129-150001.json
[2025-11-29 16:00:01] Start data download
Periode: 2025-11-29T15:00:01 -> 2025-11-29T16:00:01
[2025-11-29 16:00:04] Succes: data opgeslagen in /home/hogent/linux-2526-Gil-De-Mets/data-workflow/raw/price/pricedata-20251129-160001.json
