Traceback (most recent call last):
  File "/home/hogent/linux-2526-Gil-De-Mets/data-workflow/scripts/fetch/smadatacollection.py", line 108, in <module>
    main()
    ~~~~^^
  File "/home/hogent/linux-2526-Gil-De-Mets/data-workflow/scripts/fetch/smadatacollection.py", line 102, in main
    download.save_as(out_path)
    ^^^^^^^^
NameError: name 'download' is not defined
[20251119-171955]CSV opgeslagen als: /home/hogent/linux-2526-Gil-De-Mets/data-workflow/raw/solar/solardata-20251119-171955.csv
[20251119-201841]CSV opgeslagen als: /home/hogent/linux-2526-Gil-De-Mets/data-workflow/raw/solar/solardata-20251119-201841.csv
[20251119-210203] SMA_PASS niet gezet in environment
[20251119-210243]CSV opgeslagen als: /home/hogent/linux-2526-Gil-De-Mets/data-workflow/raw/solar/solardata-20251119-210243.csv
[20251119-210356]CSV opgeslagen als: /home/hogent/linux-2526-Gil-De-Mets/data-workflow/raw/solar/solardata-20251119-210356.csv
[20251119-210450]CSV opgeslagen als: /home/hogent/linux-2526-Gil-De-Mets/data-workflow/raw/solar/solardata-20251119-210450.csv
[20251119-225523]CSV opgeslagen als: /home/hogent/linux-2526-Gil-De-Mets/data-workflow/raw/solar/solardata-20251119-225523.csv
[20251120-225524]CSV opgeslagen als: /home/hogent/linux-2526-Gil-De-Mets/data-workflow/raw/solar/solardata-20251120-225524.csv
[20251121-144151]CSV opgeslagen als: /home/hogent/linux-2526-Gil-De-Mets/data-workflow/raw/solar/solardata-20251121-144151.csv
[20251121-144243]CSV opgeslagen als: /home/hogent/linux-2526-Gil-De-Mets/data-workflow/raw/solar/solardata-20251121-144243.csv
Traceback (most recent call last):
  File "/home/hogent/linux-2526-Gil-De-Mets/data-workflow/scripts/fetch/solardatacollection.py", line 111, in <module>
    main()
    ~~~~^^
  File "/home/hogent/linux-2526-Gil-De-Mets/data-workflow/scripts/fetch/solardatacollection.py", line 35, in main
    browser = p.chromium.launch(headless=False)
  File "/home/hogent/venv/lib/python3.13/site-packages/playwright/sync_api/_generated.py", line 14532, in launch
    self._sync(
    ~~~~~~~~~~^
        self._impl_obj.launch(
        ^^^^^^^^^^^^^^^^^^^^^^
    ...<17 lines>...
        )
        ^
    )
    ^
  File "/home/hogent/venv/lib/python3.13/site-packages/playwright/_impl/_sync_base.py", line 115, in _sync
    return task.result()
           ~~~~~~~~~~~^^
  File "/home/hogent/venv/lib/python3.13/site-packages/playwright/_impl/_browser_type.py", line 98, in launch
    await self._channel.send(
        "launch", TimeoutSettings.launch_timeout, params
    )
  File "/home/hogent/venv/lib/python3.13/site-packages/playwright/_impl/_connection.py", line 69, in send
    return await self._connection.wrap_api_call(
           ^^^^^^^^^^^^^^^^^^^^^^^^^^^^^^^^^^^^^
    ...<3 lines>...
    )
    ^
  File "/home/hogent/venv/lib/python3.13/site-packages/playwright/_impl/_connection.py", line 559, in wrap_api_call
    raise rewrite_error(error, f"{parsed_st['apiName']}: {error}") from None
playwright._impl._errors.TargetClosedError: BrowserType.launch: Target page, context or browser has been closed
Browser logs:

╔════════════════════════════════════════════════════════════════════════════════════════════════╗
║ Looks like you launched a headed browser without having a XServer running.                     ║
║ Set either 'headless: true' or use 'xvfb-run <your-playwright-app>' before running Playwright. ║
║                                                                                                ║
║ <3 Playwright Team                                                                             ║
╚════════════════════════════════════════════════════════════════════════════════════════════════╝
Call log:
  - <launching> /home/hogent/.cache/ms-playwright/chromium-1194/chrome-linux/chrome --disable-field-trial-config --disable-background-networking --disable-background-timer-throttling --disable-backgrounding-occluded-windows --disable-back-forward-cache --disable-breakpad --disable-client-side-phishing-detection --disable-component-extensions-with-background-pages --disable-component-update --no-default-browser-check --disable-default-apps --disable-dev-shm-usage --disable-extensions --disable-features=AcceptCHFrame,AvoidUnnecessaryBeforeUnloadCheckSync,DestroyProfileOnBrowserClose,DialMediaRouteProvider,GlobalMediaControls,HttpsUpgrades,LensOverlay,MediaRouter,PaintHolding,ThirdPartyStoragePartitioning,Translate,AutoDeElevate,RenderDocument --enable-features=CDPScreenshotNewSurface --allow-pre-commit-input --disable-hang-monitor --disable-ipc-flooding-protection --disable-popup-blocking --disable-prompt-on-repost --disable-renderer-backgrounding --force-color-profile=srgb --metrics-recording-only --no-first-run --password-store=basic --use-mock-keychain --no-service-autorun --export-tagged-pdf --disable-search-engine-choice-screen --unsafely-disable-devtools-self-xss-warnings --edge-skip-compat-layer-relaunch --enable-automation --no-sandbox --user-data-dir=/tmp/playwright_chromiumdev_profile-19vGhQ --remote-debugging-pipe --no-startup-window
  - <launched> pid=6684
  - [pid=6684][err] [6684:6684:1121/225504.183602:ERROR:ui/ozone/platform/x11/ozone_platform_x11.cc:249] Missing X server or $DISPLAY
  - [pid=6684][err] [6684:6684:1121/225504.187389:ERROR:ui/aura/env.cc:257] The platform failed to initialize.  Exiting.
  - [pid=6684] <gracefully close start>
  - [pid=6684] <kill>
  - [pid=6684] <will force kill>
  - [pid=6684] <process did exit: exitCode=1, signal=null>
  - [pid=6684] starting temporary directories cleanup
  - [pid=6684] finished temporary directories cleanup
  - [pid=6684] <gracefully close end>

[20251122-225524]CSV opgeslagen als: /home/hogent/linux-2526-Gil-De-Mets/data-workflow/raw/solar/solardata-20251122-225524.csv
[20251123-225524]CSV opgeslagen als: /home/hogent/linux-2526-Gil-De-Mets/data-workflow/raw/solar/solardata-20251123-225524.csv
[20251124-225523]CSV opgeslagen als: /home/hogent/linux-2526-Gil-De-Mets/data-workflow/raw/solar/solardata-20251124-225523.csv
[20251125-225523]CSV opgeslagen als: /home/hogent/linux-2526-Gil-De-Mets/data-workflow/raw/solar/solardata-20251125-225523.csv
[20251126-225524]CSV opgeslagen als: /home/hogent/linux-2526-Gil-De-Mets/data-workflow/raw/solar/solardata-20251126-225524.csv
[20251128-225524]CSV opgeslagen als: /home/hogent/linux-2526-Gil-De-Mets/data-workflow/raw/solar/solardata-20251128-225524.csv
[20251129-225541]CSV opgeslagen als: /home/hogent/linux-2526-Gil-De-Mets/data-workflow/raw/solar/solardata-20251129-225541.csv
[20251130-225521]CSV opgeslagen als: /home/hogent/linux-2526-Gil-De-Mets/data-workflow/raw/solar/solardata-20251130-225521.csv
[20251201-225523]CSV opgeslagen als: /home/hogent/linux-2526-Gil-De-Mets/data-workflow/raw/solar/solardata-20251201-225523.csv
[20251205-225523]CSV opgeslagen als: /home/hogent/linux-2526-Gil-De-Mets/data-workflow/raw/solar/solardata-20251205-225523.csv
[20251207-131538]CSV opgeslagen als: /home/runner/work/linux-2526-Gil-De-Mets/linux-2526-Gil-De-Mets/data-workflow/raw/solar/solardata-20251207-131538.csv
[20251207-140402]CSV opgeslagen als: /home/runner/work/linux-2526-Gil-De-Mets/linux-2526-Gil-De-Mets/data-workflow/raw/solar/solardata-20251207-140402.csv
